<?xml version="1.0" encoding="UTF-8"?>
<!-- Generated by org.testng.reporters.JUnitReportReporter -->
<testsuite hostname="hp" failures="0" tests="3" name="tests.AlertTest" time="29.445" errors="0" timestamp="2026-06-15T01:24:17 IST" skipped="0">
  <testcase classname="tests.AlertTest" name="verifySimpleAlert" time="9.286"/>
  <testcase classname="tests.AlertTest" name="verifyConfirmationAlert" time="12.197"/>
  <testcase classname="tests.AlertTest" name="verifyPromptAlert" time="7.962"/>
</testsuite> <!-- tests.AlertTest -->
