<?xml version="1.0" encoding="UTF-8"?>
<!-- Generated by org.testng.reporters.JUnitReportReporter -->
<testsuite hostname="hp" failures="0" tests="5" name="tests.MouseActionsTest" time="43.266" errors="0" timestamp="2026-06-15T01:24:17 IST" skipped="0">
  <testcase classname="tests.MouseActionsTest" name="verifyMouseHover" time="9.740"/>
  <testcase classname="tests.MouseActionsTest" name="verifyDragAndDrop" time="12.615"/>
  <testcase classname="tests.MouseActionsTest" name="verifyDoubleClick" time="9.108"/>
  <testcase classname="tests.MouseActionsTest" name="verifySlider" time="9.821"/>
  <testcase classname="tests.MouseActionsTest" name="verifyScrollingDropdown" time="1.982"/>
</testsuite> <!-- tests.MouseActionsTest -->
