<?xml version="1.0" encoding="UTF-8"?>
<!-- Generated by org.testng.reporters.JUnitReportReporter -->
<testsuite hostname="hp" failures="0" tests="3" name="tests.LinksTest" time="24.162" errors="0" timestamp="2026-06-15T01:24:17 IST" skipped="0">
  <testcase classname="tests.LinksTest" name="verifyAppleLink" time="8.544"/>
  <testcase classname="tests.LinksTest" name="verifyDellLink" time="7.927"/>
  <testcase classname="tests.LinksTest" name="verifyLenovoLink" time="7.691"/>
</testsuite> <!-- tests.LinksTest -->
