<?xml version="1.0" encoding="UTF-8"?>
<!-- Generated by org.testng.reporters.JUnitReportReporter -->
<testsuite hostname="hp" failures="0" tests="4" name="tests.ShadowDOMTest" time="35.292" errors="0" timestamp="2026-06-15T01:24:17 IST" skipped="0">
  <testcase classname="tests.ShadowDOMTest" name="shadowTextBoxTest" time="7.057"/>
  <testcase classname="tests.ShadowDOMTest" name="shadowCheckboxTest" time="9.418"/>
  <testcase classname="tests.ShadowDOMTest" name="shadowFileUploadTest" time="7.083"/>
  <testcase classname="tests.ShadowDOMTest" name="clickBlogLinkTest" time="11.734"/>
</testsuite> <!-- tests.ShadowDOMTest -->
