<?xml version="1.0" encoding="UTF-8"?>
<!-- Generated by org.testng.reporters.JUnitReportReporter -->
<testsuite hostname="hp" failures="0" tests="3" name="tests.WindowHandlingTest" time="29.123" errors="0" timestamp="2026-06-14T23:59:25 IST" skipped="0">
  <testcase classname="tests.WindowHandlingTest" name="verifyWikipediaSearch" time="12.539"/>
  <testcase classname="tests.WindowHandlingTest" name="verifyNewTab" time="7.790"/>
  <testcase classname="tests.WindowHandlingTest" name="verifyPopupWindow" time="8.794"/>
</testsuite> <!-- tests.WindowHandlingTest -->
