<?xml version="1.0" encoding="UTF-8"?>
<!-- Generated by org.testng.reporters.JUnitReportReporter -->
<testsuite hostname="hp" failures="0" tests="3" name="tests.SectionFormTest" time="15.606" errors="0" timestamp="2026-06-15T01:24:17 IST" skipped="0">
  <testcase classname="tests.SectionFormTest" name="verifySectionForm" time="5.154"/>
  <testcase classname="tests.SectionFormTest" name="verifySectionForm" time="8.204"/>
  <testcase classname="tests.SectionFormTest" name="verifySectionForm" time="2.248"/>
</testsuite> <!-- tests.SectionFormTest -->
