<?xml version="1.0" encoding="UTF-8"?>
<!-- Generated by org.testng.reporters.JUnitReportReporter -->
<testsuite hostname="hp" failures="0" tests="3" name="tests.TableTest" time="15.377" errors="0" timestamp="2026-06-15T01:24:17 IST" skipped="0">
  <testcase classname="tests.TableTest" name="verifyStaticTable" time="5.074"/>
  <testcase classname="tests.TableTest" name="verifyPaginationTable" time="5.333"/>
  <testcase classname="tests.TableTest" name="verifyDynamicTable" time="4.970"/>
</testsuite> <!-- tests.TableTest -->
