<?xml version="1.0" encoding="UTF-8"?>
<!-- Generated by org.testng.reporters.JUnitReportReporter -->
<testsuite hostname="hp" failures="0" tests="3" name="tests.LinksTest" time="50.997" errors="0" timestamp="2026-06-14T23:59:25 IST" skipped="0">
  <testcase classname="tests.LinksTest" name="verifyAppleLink" time="9.672"/>
  <testcase classname="tests.LinksTest" name="verifyDellLink" time="8.721"/>
  <testcase classname="tests.LinksTest" name="verifyLenovoLink" time="32.604"/>
</testsuite> <!-- tests.LinksTest -->
