<?xml version="1.0" encoding="UTF-8"?>
<!-- Generated by org.testng.reporters.JUnitReportReporter -->
<testsuite hostname="hp" failures="0" tests="3" name="tests.TableTest" time="17.371" errors="0" timestamp="2026-06-14T23:59:25 IST" skipped="0">
  <testcase classname="tests.TableTest" name="verifyPaginationTable" time="5.820"/>
  <testcase classname="tests.TableTest" name="verifyDynamicTable" time="6.011"/>
  <testcase classname="tests.TableTest" name="verifyStaticTable" time="5.540"/>
</testsuite> <!-- tests.TableTest -->
