<?xml version="1.0" encoding="UTF-8"?>
<!-- Generated by org.testng.reporters.JUnitReportReporter -->
<testsuite hostname="hp" failures="0" tests="4" name="tests.ShadowDOMTest" time="36.641" errors="0" timestamp="2026-06-14T23:59:25 IST" skipped="0">
  <testcase classname="tests.ShadowDOMTest" name="shadowTextBoxTest" time="7.289"/>
  <testcase classname="tests.ShadowDOMTest" name="shadowCheckboxTest" time="8.650"/>
  <testcase classname="tests.ShadowDOMTest" name="shadowFileUploadTest" time="8.602"/>
  <testcase classname="tests.ShadowDOMTest" name="clickBlogLinkTest" time="12.100"/>
</testsuite> <!-- tests.ShadowDOMTest -->
