<?xml version="1.0" encoding="UTF-8"?>
<!-- Generated by org.testng.reporters.JUnitReportReporter -->
<testsuite hostname="hp" failures="0" tests="5" name="tests.MouseActionsTest" time="46.067" errors="0" timestamp="2026-06-14T23:59:25 IST" skipped="0">
  <testcase classname="tests.MouseActionsTest" name="verifyMouseHover" time="10.843"/>
  <testcase classname="tests.MouseActionsTest" name="verifyDragAndDrop" time="6.194"/>
  <testcase classname="tests.MouseActionsTest" name="verifyDoubleClick" time="9.501"/>
  <testcase classname="tests.MouseActionsTest" name="verifySlider" time="10.917"/>
  <testcase classname="tests.MouseActionsTest" name="verifyScrollingDropdown" time="8.612"/>
</testsuite> <!-- tests.MouseActionsTest -->
