<?xml version="1.0" encoding="UTF-8"?>
<!-- Generated by org.testng.reporters.JUnitReportReporter -->
<testsuite hostname="hp" failures="0" tests="7" name="tests.FormTest" time="41.122" errors="0" timestamp="2026-06-14T23:59:25 IST" skipped="0">
  <testcase classname="tests.FormTest" name="verifyForm" time="5.637"/>
  <testcase classname="tests.FormTest" name="verifyForm" time="5.723"/>
  <testcase classname="tests.FormTest" name="verifyDatePicker1" time="2.109"/>
  <testcase classname="tests.FormTest" name="verifyDatePicker2" time="5.592"/>
  <testcase classname="tests.FormTest" name="verifyDateRange" time="8.915"/>
  <testcase classname="tests.FormTest" name="verifyCountrySelection" time="7.580"/>
  <testcase classname="tests.FormTest" name="verifyColorSelection" time="5.566"/>
</testsuite> <!-- tests.FormTest -->
