<?xml version="1.0" encoding="UTF-8"?>
<!-- Generated by org.testng.reporters.JUnitReportReporter -->
<testsuite hostname="hp" failures="0" tests="3" name="tests.WindowHandlingTest" time="31.323" errors="0" timestamp="2026-06-15T01:24:17 IST" skipped="0">
  <testcase classname="tests.WindowHandlingTest" name="verifyWikipediaSearch" time="13.546"/>
  <testcase classname="tests.WindowHandlingTest" name="verifyNewTab" time="8.435"/>
  <testcase classname="tests.WindowHandlingTest" name="verifyPopupWindow" time="9.342"/>
</testsuite> <!-- tests.WindowHandlingTest -->
