<?xml version="1.0" encoding="UTF-8"?>
<!-- Generated by org.testng.reporters.JUnitReportReporter -->
<testsuite hostname="hp" failures="0" tests="3" name="tests.AlertTest" time="30.965" errors="0" timestamp="2026-06-14T23:59:25 IST" skipped="0">
  <testcase classname="tests.AlertTest" name="verifySimpleAlert" time="9.481"/>
  <testcase classname="tests.AlertTest" name="verifyConfirmationAlert" time="10.175"/>
  <testcase classname="tests.AlertTest" name="verifyPromptAlert" time="11.309"/>
</testsuite> <!-- tests.AlertTest -->
