<?xml version="1.0" encoding="UTF-8"?>
<!-- Generated by org.testng.reporters.JUnitReportReporter -->
<testsuite hostname="hp" failures="0" tests="7" name="tests.FormTest" time="42.234" errors="0" timestamp="2026-06-15T01:24:17 IST" skipped="0">
  <testcase classname="tests.FormTest" name="verifyForm" time="9.849"/>
  <testcase classname="tests.FormTest" name="verifyForm" time="5.729"/>
  <testcase classname="tests.FormTest" name="verifyDatePicker1" time="5.166"/>
  <testcase classname="tests.FormTest" name="verifyDatePicker2" time="8.432"/>
  <testcase classname="tests.FormTest" name="verifyDateRange" time="5.439"/>
  <testcase classname="tests.FormTest" name="verifyCountrySelection" time="2.156"/>
  <testcase classname="tests.FormTest" name="verifyColorSelection" time="5.463"/>
</testsuite> <!-- tests.FormTest -->
