<?xml version="1.0" encoding="UTF-8"?>
<!-- Generated by org.testng.reporters.JUnitXMLReporter -->
<testsuite ignored="0" hostname="hp" failures="0" tests="35" name="AutomationTests" time="265.299" errors="0" timestamp="2026-06-15T01:24:17 IST">
  <testcase classname="tests.HomePageTest" name="verifyHomePage" time="0.026"/>
  <testcase classname="tests.FormTest" name="verifyForm" time="0.568"/>
  <testcase classname="tests.FormTest" name="verifyForm" time="3.742"/>
  <testcase classname="tests.FormTest" name="verifyDatePicker1" time="3.313"/>
  <testcase classname="tests.FormTest" name="verifyDatePicker2" time="3.11"/>
  <testcase classname="tests.FormTest" name="verifyDateRange" time="0.175"/>
  <testcase classname="tests.FormTest" name="verifyCountrySelection" time="0.436"/>
  <testcase classname="tests.FormTest" name="verifyColorSelection" time="0.461"/>
  <testcase classname="tests.AlertTest" name="verifySimpleAlert" time="4.133"/>
  <testcase classname="tests.AlertTest" name="verifyConfirmationAlert" time="7.231"/>
  <testcase classname="tests.AlertTest" name="verifyPromptAlert" time="6.197"/>
  <testcase classname="tests.LinksTest" name="verifyAppleLink" time="1.879"/>
  <testcase classname="tests.LinksTest" name="verifyDellLink" time="2.78"/>
  <testcase classname="tests.LinksTest" name="verifyLenovoLink" time="2.687"/>
  <testcase classname="tests.DynamicButtonTest" name="verifyDynamicButton" time="4.175"/>
  <testcase classname="tests.MouseActionsTest" name="verifyMouseHover" time="4.343"/>
  <testcase classname="tests.MouseActionsTest" name="verifyDragAndDrop" time="7.665"/>
  <testcase classname="tests.MouseActionsTest" name="verifyDoubleClick" time="4.222"/>
  <testcase classname="tests.MouseActionsTest" name="verifySlider" time="4.484"/>
  <testcase classname="tests.MouseActionsTest" name="verifyScrollingDropdown" time="0.139"/>
  <testcase classname="tests.SectionFormTest" name="verifySectionForm" time="3.396"/>
  <testcase classname="tests.SectionFormTest" name="verifySectionForm" time="0.203"/>
  <testcase classname="tests.SectionFormTest" name="verifySectionForm" time="0.225"/>
  <testcase classname="tests.ShadowDOMTest" name="shadowTextBoxTest" time="2.203"/>
  <testcase classname="tests.ShadowDOMTest" name="shadowCheckboxTest" time="2.166"/>
  <testcase classname="tests.ShadowDOMTest" name="shadowFileUploadTest" time="2.131"/>
  <testcase classname="tests.ShadowDOMTest" name="clickBlogLinkTest" time="6.579"/>
  <testcase classname="tests.TableTest" name="verifyDynamicTable" time="0.062"/>
  <testcase classname="tests.TableTest" name="verifyPaginationTable" time="0.347"/>
  <testcase classname="tests.TableTest" name="verifyStaticTable" time="0.051"/>
  <testcase classname="tests.UploadTest" name="verifySingleFileUpload" time="0.143"/>
  <testcase classname="tests.UploadTest" name="verifyMultipleFileUpload" time="0.138"/>
  <testcase classname="tests.WindowHandlingTest" name="verifyWikipediaSearch" time="6.301"/>
  <testcase classname="tests.WindowHandlingTest" name="verifyNewTab" time="2.145"/>
  <testcase classname="tests.WindowHandlingTest" name="verifyPopupWindow" time="2.326"/>
</testsuite> <!-- AutomationTests -->
