<?xml version="1.0" encoding="UTF-8"?>
<!-- Generated by org.testng.reporters.JUnitXMLReporter -->
<testsuite ignored="0" hostname="hp" failures="1" tests="35" name="AutomationTests" time="302.466" errors="0" timestamp="2026-06-14T23:59:24 IST">
  <testcase classname="tests.HomePageTest" name="verifyHomePage" time="0.043"/>
  <testcase classname="tests.FormTest" name="verifyForm" time="0.432"/>
  <testcase classname="tests.FormTest" name="verifyForm" time="0.454"/>
  <testcase classname="tests.FormTest" name="verifyDatePicker1" time="0.167"/>
  <testcase classname="tests.FormTest" name="verifyDatePicker2" time="0.041"/>
  <testcase classname="tests.FormTest" name="verifyDateRange" time="3.409"/>
  <testcase classname="tests.FormTest" name="verifyCountrySelection" time="0.388"/>
  <testcase classname="tests.FormTest" name="verifyColorSelection" time="3.721"/>
  <testcase classname="tests.AlertTest" name="verifySimpleAlert" time="7.302"/>
  <testcase classname="tests.AlertTest" name="verifyConfirmationAlert" time="8.124"/>
  <testcase classname="tests.AlertTest" name="verifyPromptAlert" time="6.257"/>
  <testcase classname="tests.LinksTest" name="verifyAppleLink" time="3.45"/>
  <testcase classname="tests.LinksTest" name="verifyDellLink" time="3.255"/>
  <testcase classname="tests.LinksTest" name="verifyLenovoLink" time="26.782"/>
  <testcase classname="tests.DynamicButtonTest" name="verifyDynamicButton" time="4.179"/>
  <testcase classname="tests.MouseActionsTest" name="verifyMouseHover" time="7.61"/>
  <testcase classname="tests.MouseActionsTest" name="verifyDragAndDrop" time="4.363"/>
  <testcase classname="tests.MouseActionsTest" name="verifyDoubleClick" time="4.293"/>
  <testcase classname="tests.MouseActionsTest" name="verifySlider" time="4.442"/>
  <testcase classname="tests.MouseActionsTest" name="verifyScrollingDropdown" time="3.566"/>
  <testcase classname="tests.SectionFormTest" name="verifySectionForm" time="0.191"/>
  <testcase classname="tests.SectionFormTest" name="verifySectionForm" time="3.301">
    <failure type="java.lang.IndexOutOfBoundsException" message="Index 1 out of bounds for length 0">
      <![CDATA[java.lang.IndexOutOfBoundsException: Index 1 out of bounds for length 0
at java.base/jdk.internal.util.Preconditions.outOfBounds(Preconditions.java:100)
at java.base/jdk.internal.util.Preconditions.outOfBoundsCheckIndex(Preconditions.java:106)
at java.base/jdk.internal.util.Preconditions.checkIndex(Preconditions.java:302)
at java.base/java.util.Objects.checkIndex(Objects.java:385)
at java.base/java.util.ArrayList.get(ArrayList.java:427)
at tests.SectionFormTest.verifySectionForm(SectionFormTest.java:32)
at java.base/java.util.ArrayList.forEach(ArrayList.java:1596)
... Removed 25 stack frames]]>
    </failure>
  </testcase> <!-- verifySectionForm -->
  <testcase classname="tests.SectionFormTest" name="verifySectionForm" time="0.2"/>
  <testcase classname="tests.ShadowDOMTest" name="shadowTextBoxTest" time="2.204"/>
  <testcase classname="tests.ShadowDOMTest" name="shadowCheckboxTest" time="2.213"/>
  <testcase classname="tests.ShadowDOMTest" name="shadowFileUploadTest" time="2.164"/>
  <testcase classname="tests.ShadowDOMTest" name="clickBlogLinkTest" time="6.742"/>
  <testcase classname="tests.TableTest" name="verifyDynamicTable" time="0.1"/>
  <testcase classname="tests.TableTest" name="verifyPaginationTable" time="0.254"/>
  <testcase classname="tests.TableTest" name="verifyStaticTable" time="0.059"/>
  <testcase classname="tests.UploadTest" name="verifySingleFileUpload" time="3.533"/>
  <testcase classname="tests.UploadTest" name="verifyMultipleFileUpload" time="0.27"/>
  <testcase classname="tests.WindowHandlingTest" name="verifyWikipediaSearch" time="6.415"/>
  <testcase classname="tests.WindowHandlingTest" name="verifyNewTab" time="2.198"/>
  <testcase classname="tests.WindowHandlingTest" name="verifyPopupWindow" time="2.409"/>
</testsuite> <!-- AutomationTests -->
