<?xml version="1.0" encoding="UTF-8"?>
<!-- Generated by org.testng.reporters.JUnitXMLReporter -->
<testsuite ignored="0" hostname="hp" failures="0" tests="2" name="Form Test" time="0.19" errors="0" timestamp="2026-06-12T11:35:57 IST">
  <testcase classname="base.BaseTest" name="@BeforeMethod setup" time="0.019">
    <failure type="java.lang.NullPointerException" message="Cannot invoke &amp;quot;String.equals(Object)&amp;quot; because &amp;quot;browser&amp;quot; is null">
      <![CDATA[java.lang.NullPointerException: Cannot invoke "String.equals(Object)" because "browser" is null
at utils.DrivereFactory.initializeBrowser(DrivereFactory.java:22)
at base.BaseTest.setup(BaseTest.java:13)
at java.base/java.util.ArrayList.forEach(ArrayList.java:1511)
... Removed 29 stack frames]]>
    </failure>
  </testcase> <!-- @BeforeMethod setup -->
  <testcase classname="base.BaseTest" name="@AfterMethod tearDown" time="0.0">
    <skipped/>
  </testcase> <!-- @AfterMethod tearDown -->
  <testcase classname="base.BaseTest" name="@BeforeMethod setup" time="0.0">
    <skipped/>
  </testcase> <!-- @BeforeMethod setup -->
  <testcase classname="base.BaseTest" name="@AfterMethod tearDown" time="0.0">
    <skipped/>
  </testcase> <!-- @AfterMethod tearDown -->
  <testcase classname="tests.FormTest" name="verifyForm" time="0.0">
    <skipped/>
  </testcase> <!-- verifyForm -->
  <testcase classname="tests.FormTest" name="verifyForm" time="0.0">
    <skipped/>
  </testcase> <!-- verifyForm -->
</testsuite> <!-- Form Test -->
