<?xml version="1.0" encoding="UTF-8"?>
<testng-results ignored="0" total="35" passed="34" failed="1" skipped="0">
  <reporter-output>
  </reporter-output>
  <suite started-at="2026-06-14T23:54:22 IST" name="AutomationSuite" finished-at="2026-06-14T23:59:24 IST" duration-ms="302466">
    <groups>
    </groups>
    <test started-at="2026-06-14T23:54:22 IST" name="AutomationTests" finished-at="2026-06-14T23:59:24 IST" duration-ms="302466">
      <class name="tests.ShadowDOMTest">
        <test-method is-config="true" signature="setup()[pri:0, instance:tests.ShadowDOMTest@7b7fdc8]" started-at="2026-06-14T23:57:49 IST" name="setup" finished-at="2026-06-14T23:57:54 IST" duration-ms="4839" status="PASS">
          <reporter-output>
          </reporter-output>
        </test-method> <!-- setup -->
        <test-method signature="shadowTextBoxTest()[pri:1, instance:tests.ShadowDOMTest@7b7fdc8]" started-at="2026-06-14T23:57:54 IST" name="shadowTextBoxTest" finished-at="2026-06-14T23:57:56 IST" duration-ms="2204" status="PASS">
          <reporter-output>
          </reporter-output>
        </test-method> <!-- shadowTextBoxTest -->
        <test-method is-config="true" signature="tearDown()[pri:0, instance:tests.ShadowDOMTest@7b7fdc8]" started-at="2026-06-14T23:57:56 IST" name="tearDown" finished-at="2026-06-14T23:57:56 IST" duration-ms="246" status="PASS">
          <reporter-output>
          </reporter-output>
        </test-method> <!-- tearDown -->
        <test-method is-config="true" signature="setup()[pri:0, instance:tests.ShadowDOMTest@7b7fdc8]" started-at="2026-06-14T23:57:56 IST" name="setup" finished-at="2026-06-14T23:58:02 IST" duration-ms="6181" status="PASS">
          <reporter-output>
          </reporter-output>
        </test-method> <!-- setup -->
        <test-method signature="shadowCheckboxTest()[pri:2, instance:tests.ShadowDOMTest@7b7fdc8]" started-at="2026-06-14T23:58:02 IST" name="shadowCheckboxTest" finished-at="2026-06-14T23:58:04 IST" duration-ms="2213" status="PASS">
          <reporter-output>
          </reporter-output>
        </test-method> <!-- shadowCheckboxTest -->
        <test-method is-config="true" signature="tearDown()[pri:0, instance:tests.ShadowDOMTest@7b7fdc8]" started-at="2026-06-14T23:58:04 IST" name="tearDown" finished-at="2026-06-14T23:58:05 IST" duration-ms="245" status="PASS">
          <reporter-output>
          </reporter-output>
        </test-method> <!-- tearDown -->
        <test-method is-config="true" signature="setup()[pri:0, instance:tests.ShadowDOMTest@7b7fdc8]" started-at="2026-06-14T23:58:05 IST" name="setup" finished-at="2026-06-14T23:58:10 IST" duration-ms="5113" status="PASS">
          <reporter-output>
          </reporter-output>
        </test-method> <!-- setup -->
        <test-method signature="shadowFileUploadTest()[pri:3, instance:tests.ShadowDOMTest@7b7fdc8]" started-at="2026-06-14T23:58:10 IST" name="shadowFileUploadTest" finished-at="2026-06-14T23:58:12 IST" duration-ms="2164" status="PASS">
          <reporter-output>
          </reporter-output>
        </test-method> <!-- shadowFileUploadTest -->
        <test-method is-config="true" signature="tearDown()[pri:0, instance:tests.ShadowDOMTest@7b7fdc8]" started-at="2026-06-14T23:58:12 IST" name="tearDown" finished-at="2026-06-14T23:58:12 IST" duration-ms="256" status="PASS">
          <reporter-output>
          </reporter-output>
        </test-method> <!-- tearDown -->
        <test-method is-config="true" signature="setup()[pri:0, instance:tests.ShadowDOMTest@7b7fdc8]" started-at="2026-06-14T23:58:12 IST" name="setup" finished-at="2026-06-14T23:58:18 IST" duration-ms="5977" status="PASS">
          <reporter-output>
          </reporter-output>
        </test-method> <!-- setup -->
        <test-method signature="clickBlogLinkTest()[pri:4, instance:tests.ShadowDOMTest@7b7fdc8]" started-at="2026-06-14T23:58:18 IST" name="clickBlogLinkTest" finished-at="2026-06-14T23:58:25 IST" duration-ms="6742" status="PASS">
          <reporter-output>
          </reporter-output>
        </test-method> <!-- clickBlogLinkTest -->
        <test-method is-config="true" signature="tearDown()[pri:0, instance:tests.ShadowDOMTest@7b7fdc8]" started-at="2026-06-14T23:58:25 IST" name="tearDown" finished-at="2026-06-14T23:58:25 IST" duration-ms="461" status="PASS">
          <reporter-output>
          </reporter-output>
        </test-method> <!-- tearDown -->
      </class> <!-- tests.ShadowDOMTest -->
      <class name="tests.TableTest">
        <test-method is-config="true" signature="setup()[pri:0, instance:tests.TableTest@51c693d]" started-at="2026-06-14T23:58:25 IST" name="setup" finished-at="2026-06-14T23:58:31 IST" duration-ms="5564" status="PASS">
          <reporter-output>
          </reporter-output>
        </test-method> <!-- setup -->
        <test-method signature="verifyDynamicTable()[pri:0, instance:tests.TableTest@51c693d]" started-at="2026-06-14T23:58:31 IST" name="verifyDynamicTable" finished-at="2026-06-14T23:58:31 IST" duration-ms="100" status="PASS">
          <reporter-output>
          </reporter-output>
        </test-method> <!-- verifyDynamicTable -->
        <test-method is-config="true" signature="tearDown()[pri:0, instance:tests.TableTest@51c693d]" started-at="2026-06-14T23:58:31 IST" name="tearDown" finished-at="2026-06-14T23:58:31 IST" duration-ms="322" status="PASS">
          <reporter-output>
          </reporter-output>
        </test-method> <!-- tearDown -->
        <test-method is-config="true" signature="setup()[pri:0, instance:tests.TableTest@51c693d]" started-at="2026-06-14T23:58:31 IST" name="setup" finished-at="2026-06-14T23:58:37 IST" duration-ms="5290" status="PASS">
          <reporter-output>
          </reporter-output>
        </test-method> <!-- setup -->
        <test-method signature="verifyPaginationTable()[pri:0, instance:tests.TableTest@51c693d]" started-at="2026-06-14T23:58:37 IST" name="verifyPaginationTable" finished-at="2026-06-14T23:58:37 IST" duration-ms="254" status="PASS">
          <reporter-output>
          </reporter-output>
        </test-method> <!-- verifyPaginationTable -->
        <test-method is-config="true" signature="tearDown()[pri:0, instance:tests.TableTest@51c693d]" started-at="2026-06-14T23:58:37 IST" name="tearDown" finished-at="2026-06-14T23:58:37 IST" duration-ms="347" status="PASS">
          <reporter-output>
          </reporter-output>
        </test-method> <!-- tearDown -->
        <test-method is-config="true" signature="setup()[pri:0, instance:tests.TableTest@51c693d]" started-at="2026-06-14T23:58:37 IST" name="setup" finished-at="2026-06-14T23:58:42 IST" duration-ms="5159" status="PASS">
          <reporter-output>
          </reporter-output>
        </test-method> <!-- setup -->
        <test-method signature="verifyStaticTable()[pri:0, instance:tests.TableTest@51c693d]" started-at="2026-06-14T23:58:42 IST" name="verifyStaticTable" finished-at="2026-06-14T23:58:42 IST" duration-ms="59" status="PASS">
          <reporter-output>
          </reporter-output>
        </test-method> <!-- verifyStaticTable -->
        <test-method is-config="true" signature="tearDown()[pri:0, instance:tests.TableTest@51c693d]" started-at="2026-06-14T23:58:42 IST" name="tearDown" finished-at="2026-06-14T23:58:43 IST" duration-ms="276" status="PASS">
          <reporter-output>
          </reporter-output>
        </test-method> <!-- tearDown -->
      </class> <!-- tests.TableTest -->
      <class name="tests.MouseActionsTest">
        <test-method is-config="true" signature="setup()[pri:0, instance:tests.MouseActionsTest@37fb0bed]" started-at="2026-06-14T23:56:46 IST" name="setup" finished-at="2026-06-14T23:56:49 IST" duration-ms="2932" status="PASS">
          <reporter-output>
          </reporter-output>
        </test-method> <!-- setup -->
        <test-method signature="verifyMouseHover()[pri:1, instance:tests.MouseActionsTest@37fb0bed]" started-at="2026-06-14T23:56:49 IST" name="verifyMouseHover" finished-at="2026-06-14T23:56:57 IST" duration-ms="7610" status="PASS">
          <reporter-output>
          </reporter-output>
        </test-method> <!-- verifyMouseHover -->
        <test-method is-config="true" signature="tearDown()[pri:0, instance:tests.MouseActionsTest@37fb0bed]" started-at="2026-06-14T23:56:57 IST" name="tearDown" finished-at="2026-06-14T23:56:57 IST" duration-ms="301" status="PASS">
          <reporter-output>
          </reporter-output>
        </test-method> <!-- tearDown -->
        <test-method is-config="true" signature="setup()[pri:0, instance:tests.MouseActionsTest@37fb0bed]" started-at="2026-06-14T23:56:57 IST" name="setup" finished-at="2026-06-14T23:57:02 IST" duration-ms="4944" status="PASS">
          <reporter-output>
          </reporter-output>
        </test-method> <!-- setup -->
        <test-method signature="verifyDragAndDrop()[pri:2, instance:tests.MouseActionsTest@37fb0bed]" started-at="2026-06-14T23:57:02 IST" name="verifyDragAndDrop" finished-at="2026-06-14T23:57:06 IST" duration-ms="4363" status="PASS">
          <reporter-output>
          </reporter-output>
        </test-method> <!-- verifyDragAndDrop -->
        <test-method is-config="true" signature="tearDown()[pri:0, instance:tests.MouseActionsTest@37fb0bed]" started-at="2026-06-14T23:57:06 IST" name="tearDown" finished-at="2026-06-14T23:57:06 IST" duration-ms="264" status="PASS">
          <reporter-output>
          </reporter-output>
        </test-method> <!-- tearDown -->
        <test-method is-config="true" signature="setup()[pri:0, instance:tests.MouseActionsTest@37fb0bed]" started-at="2026-06-14T23:57:06 IST" name="setup" finished-at="2026-06-14T23:57:11 IST" duration-ms="4745" status="PASS">
          <reporter-output>
          </reporter-output>
        </test-method> <!-- setup -->
        <test-method signature="verifyDoubleClick()[pri:3, instance:tests.MouseActionsTest@37fb0bed]" started-at="2026-06-14T23:57:11 IST" name="verifyDoubleClick" finished-at="2026-06-14T23:57:15 IST" duration-ms="4293" status="PASS">
          <reporter-output>
          </reporter-output>
        </test-method> <!-- verifyDoubleClick -->
        <test-method is-config="true" signature="tearDown()[pri:0, instance:tests.MouseActionsTest@37fb0bed]" started-at="2026-06-14T23:57:15 IST" name="tearDown" finished-at="2026-06-14T23:57:16 IST" duration-ms="301" status="PASS">
          <reporter-output>
          </reporter-output>
        </test-method> <!-- tearDown -->
        <test-method is-config="true" signature="setup()[pri:0, instance:tests.MouseActionsTest@37fb0bed]" started-at="2026-06-14T23:57:16 IST" name="setup" finished-at="2026-06-14T23:57:22 IST" duration-ms="6222" status="PASS">
          <reporter-output>
          </reporter-output>
        </test-method> <!-- setup -->
        <test-method signature="verifySlider()[pri:4, instance:tests.MouseActionsTest@37fb0bed]" started-at="2026-06-14T23:57:22 IST" name="verifySlider" finished-at="2026-06-14T23:57:26 IST" duration-ms="4442" status="PASS">
          <reporter-output>
          </reporter-output>
        </test-method> <!-- verifySlider -->
        <test-method is-config="true" signature="tearDown()[pri:0, instance:tests.MouseActionsTest@37fb0bed]" started-at="2026-06-14T23:57:26 IST" name="tearDown" finished-at="2026-06-14T23:57:27 IST" duration-ms="253" status="PASS">
          <reporter-output>
          </reporter-output>
        </test-method> <!-- tearDown -->
        <test-method is-config="true" signature="setup()[pri:0, instance:tests.MouseActionsTest@37fb0bed]" started-at="2026-06-14T23:57:27 IST" name="setup" finished-at="2026-06-14T23:57:28 IST" duration-ms="1560" status="PASS">
          <reporter-output>
          </reporter-output>
        </test-method> <!-- setup -->
        <test-method signature="verifyScrollingDropdown()[pri:5, instance:tests.MouseActionsTest@37fb0bed]" started-at="2026-06-14T23:57:28 IST" name="verifyScrollingDropdown" finished-at="2026-06-14T23:57:32 IST" duration-ms="3566" status="PASS">
          <reporter-output>
          </reporter-output>
        </test-method> <!-- verifyScrollingDropdown -->
        <test-method is-config="true" signature="tearDown()[pri:0, instance:tests.MouseActionsTest@37fb0bed]" started-at="2026-06-14T23:57:32 IST" name="tearDown" finished-at="2026-06-14T23:57:32 IST" duration-ms="271" status="PASS">
          <reporter-output>
          </reporter-output>
        </test-method> <!-- tearDown -->
      </class> <!-- tests.MouseActionsTest -->
      <class name="tests.UploadTest">
        <test-method is-config="true" signature="setup()[pri:0, instance:tests.UploadTest@6a57ae10]" started-at="2026-06-14T23:58:43 IST" name="setup" finished-at="2026-06-14T23:58:45 IST" duration-ms="1896" status="PASS">
          <reporter-output>
          </reporter-output>
        </test-method> <!-- setup -->
        <test-method signature="verifySingleFileUpload()[pri:1, instance:tests.UploadTest@6a57ae10]" started-at="2026-06-14T23:58:45 IST" name="verifySingleFileUpload" finished-at="2026-06-14T23:58:48 IST" duration-ms="3533" status="PASS">
          <reporter-output>
          </reporter-output>
        </test-method> <!-- verifySingleFileUpload -->
        <test-method is-config="true" signature="tearDown()[pri:0, instance:tests.UploadTest@6a57ae10]" started-at="2026-06-14T23:58:48 IST" name="tearDown" finished-at="2026-06-14T23:58:49 IST" duration-ms="986" status="PASS">
          <reporter-output>
          </reporter-output>
        </test-method> <!-- tearDown -->
        <test-method is-config="true" signature="setup()[pri:0, instance:tests.UploadTest@6a57ae10]" started-at="2026-06-14T23:58:49 IST" name="setup" finished-at="2026-06-14T23:58:54 IST" duration-ms="5079" status="PASS">
          <reporter-output>
          </reporter-output>
        </test-method> <!-- setup -->
        <test-method signature="verifyMultipleFileUpload()[pri:2, instance:tests.UploadTest@6a57ae10]" started-at="2026-06-14T23:58:54 IST" name="verifyMultipleFileUpload" finished-at="2026-06-14T23:58:55 IST" duration-ms="270" status="PASS">
          <reporter-output>
          </reporter-output>
        </test-method> <!-- verifyMultipleFileUpload -->
        <test-method is-config="true" signature="tearDown()[pri:0, instance:tests.UploadTest@6a57ae10]" started-at="2026-06-14T23:58:55 IST" name="tearDown" finished-at="2026-06-14T23:58:55 IST" duration-ms="325" status="PASS">
          <reporter-output>
          </reporter-output>
        </test-method> <!-- tearDown -->
      </class> <!-- tests.UploadTest -->
      <class name="tests.DynamicButtonTest">
        <test-method is-config="true" signature="setup()[pri:0, instance:tests.DynamicButtonTest@24c4ddae]" started-at="2026-06-14T23:56:36 IST" name="setup" finished-at="2026-06-14T23:56:41 IST" duration-ms="4895" status="PASS">
          <reporter-output>
          </reporter-output>
        </test-method> <!-- setup -->
        <test-method signature="verifyDynamicButton()[pri:0, instance:tests.DynamicButtonTest@24c4ddae]" started-at="2026-06-14T23:56:41 IST" name="verifyDynamicButton" finished-at="2026-06-14T23:56:45 IST" duration-ms="4179" status="PASS">
          <reporter-output>
          </reporter-output>
        </test-method> <!-- verifyDynamicButton -->
        <test-method is-config="true" signature="tearDown()[pri:0, instance:tests.DynamicButtonTest@24c4ddae]" started-at="2026-06-14T23:56:45 IST" name="tearDown" finished-at="2026-06-14T23:56:46 IST" duration-ms="699" status="PASS">
          <reporter-output>
          </reporter-output>
        </test-method> <!-- tearDown -->
      </class> <!-- tests.DynamicButtonTest -->
      <class name="tests.HomePageTest">
        <test-method is-config="true" signature="setup()[pri:0, instance:tests.HomePageTest@609bcfb6]" started-at="2026-06-14T23:54:22 IST" name="setup" finished-at="2026-06-14T23:54:32 IST" duration-ms="10281" status="PASS">
          <reporter-output>
          </reporter-output>
        </test-method> <!-- setup -->
        <test-method signature="verifyHomePage()[pri:0, instance:tests.HomePageTest@609bcfb6]" started-at="2026-06-14T23:54:32 IST" name="verifyHomePage" finished-at="2026-06-14T23:54:32 IST" duration-ms="43" status="PASS">
          <reporter-output>
          </reporter-output>
        </test-method> <!-- verifyHomePage -->
        <test-method is-config="true" signature="tearDown()[pri:0, instance:tests.HomePageTest@609bcfb6]" started-at="2026-06-14T23:54:32 IST" name="tearDown" finished-at="2026-06-14T23:54:32 IST" duration-ms="331" status="PASS">
          <reporter-output>
          </reporter-output>
        </test-method> <!-- tearDown -->
      </class> <!-- tests.HomePageTest -->
      <class name="tests.WindowHandlingTest">
        <test-method is-config="true" signature="setup()[pri:0, instance:tests.WindowHandlingTest@766653e6]" started-at="2026-06-14T23:58:55 IST" name="setup" finished-at="2026-06-14T23:59:00 IST" duration-ms="5224" status="PASS">
          <reporter-output>
          </reporter-output>
        </test-method> <!-- setup -->
        <test-method signature="verifyWikipediaSearch()[pri:1, instance:tests.WindowHandlingTest@766653e6]" started-at="2026-06-14T23:59:00 IST" name="verifyWikipediaSearch" finished-at="2026-06-14T23:59:06 IST" duration-ms="6415" status="PASS">
          <reporter-output>
          </reporter-output>
        </test-method> <!-- verifyWikipediaSearch -->
        <test-method is-config="true" signature="tearDown()[pri:0, instance:tests.WindowHandlingTest@766653e6]" started-at="2026-06-14T23:59:06 IST" name="tearDown" finished-at="2026-06-14T23:59:07 IST" duration-ms="368" status="PASS">
          <reporter-output>
          </reporter-output>
        </test-method> <!-- tearDown -->
        <test-method is-config="true" signature="setup()[pri:0, instance:tests.WindowHandlingTest@766653e6]" started-at="2026-06-14T23:59:07 IST" name="setup" finished-at="2026-06-14T23:59:13 IST" duration-ms="5721" status="PASS">
          <reporter-output>
          </reporter-output>
        </test-method> <!-- setup -->
        <test-method signature="verifyNewTab()[pri:2, instance:tests.WindowHandlingTest@766653e6]" started-at="2026-06-14T23:59:13 IST" name="verifyNewTab" finished-at="2026-06-14T23:59:15 IST" duration-ms="2198" status="PASS">
          <reporter-output>
          </reporter-output>
        </test-method> <!-- verifyNewTab -->
        <test-method is-config="true" signature="tearDown()[pri:0, instance:tests.WindowHandlingTest@766653e6]" started-at="2026-06-14T23:59:15 IST" name="tearDown" finished-at="2026-06-14T23:59:15 IST" duration-ms="445" status="PASS">
          <reporter-output>
          </reporter-output>
        </test-method> <!-- tearDown -->
        <test-method is-config="true" signature="setup()[pri:0, instance:tests.WindowHandlingTest@766653e6]" started-at="2026-06-14T23:59:15 IST" name="setup" finished-at="2026-06-14T23:59:21 IST" duration-ms="5940" status="PASS">
          <reporter-output>
          </reporter-output>
        </test-method> <!-- setup -->
        <test-method signature="verifyPopupWindow()[pri:3, instance:tests.WindowHandlingTest@766653e6]" started-at="2026-06-14T23:59:21 IST" name="verifyPopupWindow" finished-at="2026-06-14T23:59:24 IST" duration-ms="2409" status="PASS">
          <reporter-output>
          </reporter-output>
        </test-method> <!-- verifyPopupWindow -->
        <test-method is-config="true" signature="tearDown()[pri:0, instance:tests.WindowHandlingTest@766653e6]" started-at="2026-06-14T23:59:24 IST" name="tearDown" finished-at="2026-06-14T23:59:24 IST" duration-ms="403" status="PASS">
          <reporter-output>
          </reporter-output>
        </test-method> <!-- tearDown -->
      </class> <!-- tests.WindowHandlingTest -->
      <class name="tests.LinksTest">
        <test-method is-config="true" signature="setup()[pri:0, instance:tests.LinksTest@13b3d178]" started-at="2026-06-14T23:55:45 IST" name="setup" finished-at="2026-06-14T23:55:51 IST" duration-ms="5459" status="PASS">
          <reporter-output>
          </reporter-output>
        </test-method> <!-- setup -->
        <test-method signature="verifyAppleLink()[pri:2, instance:tests.LinksTest@13b3d178]" started-at="2026-06-14T23:55:51 IST" name="verifyAppleLink" finished-at="2026-06-14T23:55:54 IST" duration-ms="3450" status="PASS">
          <reporter-output>
          </reporter-output>
        </test-method> <!-- verifyAppleLink -->
        <test-method is-config="true" signature="tearDown()[pri:0, instance:tests.LinksTest@13b3d178]" started-at="2026-06-14T23:55:54 IST" name="tearDown" finished-at="2026-06-14T23:55:54 IST" duration-ms="363" status="PASS">
          <reporter-output>
          </reporter-output>
        </test-method> <!-- tearDown -->
        <test-method is-config="true" signature="setup()[pri:0, instance:tests.LinksTest@13b3d178]" started-at="2026-06-14T23:55:54 IST" name="setup" finished-at="2026-06-14T23:56:00 IST" duration-ms="5195" status="PASS">
          <reporter-output>
          </reporter-output>
        </test-method> <!-- setup -->
        <test-method signature="verifyDellLink()[pri:3, instance:tests.LinksTest@13b3d178]" started-at="2026-06-14T23:56:00 IST" name="verifyDellLink" finished-at="2026-06-14T23:56:03 IST" duration-ms="3255" status="PASS">
          <reporter-output>
          </reporter-output>
        </test-method> <!-- verifyDellLink -->
        <test-method is-config="true" signature="tearDown()[pri:0, instance:tests.LinksTest@13b3d178]" started-at="2026-06-14T23:56:03 IST" name="tearDown" finished-at="2026-06-14T23:56:04 IST" duration-ms="1027" status="PASS">
          <reporter-output>
          </reporter-output>
        </test-method> <!-- tearDown -->
        <test-method is-config="true" signature="setup()[pri:0, instance:tests.LinksTest@13b3d178]" started-at="2026-06-14T23:56:04 IST" name="setup" finished-at="2026-06-14T23:56:09 IST" duration-ms="5179" status="PASS">
          <reporter-output>
          </reporter-output>
        </test-method> <!-- setup -->
        <test-method signature="verifyLenovoLink()[pri:4, instance:tests.LinksTest@13b3d178]" started-at="2026-06-14T23:56:09 IST" name="verifyLenovoLink" finished-at="2026-06-14T23:56:36 IST" duration-ms="26782" status="PASS">
          <reporter-output>
          </reporter-output>
        </test-method> <!-- verifyLenovoLink -->
        <test-method is-config="true" signature="tearDown()[pri:0, instance:tests.LinksTest@13b3d178]" started-at="2026-06-14T23:56:36 IST" name="tearDown" finished-at="2026-06-14T23:56:36 IST" duration-ms="287" status="PASS">
          <reporter-output>
          </reporter-output>
        </test-method> <!-- tearDown -->
      </class> <!-- tests.LinksTest -->
      <class name="tests.AlertTest">
        <test-method is-config="true" signature="setup()[pri:0, instance:tests.AlertTest@266374ef]" started-at="2026-06-14T23:55:14 IST" name="setup" finished-at="2026-06-14T23:55:16 IST" duration-ms="1766" status="PASS">
          <reporter-output>
          </reporter-output>
        </test-method> <!-- setup -->
        <test-method signature="verifySimpleAlert()[pri:1, instance:tests.AlertTest@266374ef]" started-at="2026-06-14T23:55:16 IST" name="verifySimpleAlert" finished-at="2026-06-14T23:55:23 IST" duration-ms="7302" status="PASS">
          <reporter-output>
          </reporter-output>
        </test-method> <!-- verifySimpleAlert -->
        <test-method is-config="true" signature="tearDown()[pri:0, instance:tests.AlertTest@266374ef]" started-at="2026-06-14T23:55:23 IST" name="tearDown" finished-at="2026-06-14T23:55:24 IST" duration-ms="268" status="PASS">
          <reporter-output>
          </reporter-output>
        </test-method> <!-- tearDown -->
        <test-method is-config="true" signature="setup()[pri:0, instance:tests.AlertTest@266374ef]" started-at="2026-06-14T23:55:24 IST" name="setup" finished-at="2026-06-14T23:55:25 IST" duration-ms="1915" status="PASS">
          <reporter-output>
          </reporter-output>
        </test-method> <!-- setup -->
        <test-method signature="verifyConfirmationAlert()[pri:2, instance:tests.AlertTest@266374ef]" started-at="2026-06-14T23:55:25 IST" name="verifyConfirmationAlert" finished-at="2026-06-14T23:55:34 IST" duration-ms="8124" status="PASS">
          <reporter-output>
          </reporter-output>
        </test-method> <!-- verifyConfirmationAlert -->
        <test-method is-config="true" signature="tearDown()[pri:0, instance:tests.AlertTest@266374ef]" started-at="2026-06-14T23:55:34 IST" name="tearDown" finished-at="2026-06-14T23:55:34 IST" duration-ms="264" status="PASS">
          <reporter-output>
          </reporter-output>
        </test-method> <!-- tearDown -->
        <test-method is-config="true" signature="setup()[pri:0, instance:tests.AlertTest@266374ef]" started-at="2026-06-14T23:55:34 IST" name="setup" finished-at="2026-06-14T23:55:39 IST" duration-ms="4784" status="PASS">
          <reporter-output>
          </reporter-output>
        </test-method> <!-- setup -->
        <test-method signature="verifyPromptAlert()[pri:3, instance:tests.AlertTest@266374ef]" started-at="2026-06-14T23:55:39 IST" name="verifyPromptAlert" finished-at="2026-06-14T23:55:45 IST" duration-ms="6257" status="PASS">
          <reporter-output>
          </reporter-output>
        </test-method> <!-- verifyPromptAlert -->
        <test-method is-config="true" signature="tearDown()[pri:0, instance:tests.AlertTest@266374ef]" started-at="2026-06-14T23:55:45 IST" name="tearDown" finished-at="2026-06-14T23:55:45 IST" duration-ms="285" status="PASS">
          <reporter-output>
          </reporter-output>
        </test-method> <!-- tearDown -->
      </class> <!-- tests.AlertTest -->
      <class name="tests.FormTest">
        <test-method is-config="true" signature="setup()[pri:0, instance:tests.FormTest@5d99c6b5]" started-at="2026-06-14T23:54:33 IST" name="setup" finished-at="2026-06-14T23:54:40 IST" duration-ms="6894" status="PASS">
          <reporter-output>
          </reporter-output>
        </test-method> <!-- setup -->
        <test-method signature="verifyForm(java.lang.String,java.lang.String,java.lang.String,java.lang.String)[pri:1, instance:tests.FormTest@5d99c6b5]" started-at="2026-06-14T23:54:40 IST" name="verifyForm" data-provider="formData" finished-at="2026-06-14T23:54:40 IST" duration-ms="432" status="PASS">
          <params>
            <param index="0">
              <value>
                <![CDATA[Rahul]]>
              </value>
            </param>
            <param index="1">
              <value>
                <![CDATA[rahul@test.com]]>
              </value>
            </param>
            <param index="2">
              <value>
                <![CDATA[9.999999999E9]]>
              </value>
            </param>
            <param index="3">
              <value>
                <![CDATA[Delhi]]>
              </value>
            </param>
          </params>
          <reporter-output>
          </reporter-output>
        </test-method> <!-- verifyForm -->
        <test-method is-config="true" signature="tearDown()[pri:0, instance:tests.FormTest@5d99c6b5]" started-at="2026-06-14T23:54:40 IST" name="tearDown" finished-at="2026-06-14T23:54:41 IST" duration-ms="302" status="PASS">
          <reporter-output>
          </reporter-output>
        </test-method> <!-- tearDown -->
        <test-method is-config="true" signature="setup()[pri:0, instance:tests.FormTest@5d99c6b5]" started-at="2026-06-14T23:54:41 IST" name="setup" finished-at="2026-06-14T23:54:46 IST" duration-ms="5283" status="PASS">
          <reporter-output>
          </reporter-output>
        </test-method> <!-- setup -->
        <test-method signature="verifyForm(java.lang.String,java.lang.String,java.lang.String,java.lang.String)[pri:1, instance:tests.FormTest@5d99c6b5]" started-at="2026-06-14T23:54:46 IST" name="verifyForm" data-provider="formData" finished-at="2026-06-14T23:54:46 IST" duration-ms="454" status="PASS">
          <params>
            <param index="0">
              <value>
                <![CDATA[Aman]]>
              </value>
            </param>
            <param index="1">
              <value>
                <![CDATA[aman@test.com]]>
              </value>
            </param>
            <param index="2">
              <value>
                <![CDATA[8.888888888E9]]>
              </value>
            </param>
            <param index="3">
              <value>
                <![CDATA[Mumbai]]>
              </value>
            </param>
          </params>
          <reporter-output>
          </reporter-output>
        </test-method> <!-- verifyForm -->
        <test-method is-config="true" signature="tearDown()[pri:0, instance:tests.FormTest@5d99c6b5]" started-at="2026-06-14T23:54:46 IST" name="tearDown" finished-at="2026-06-14T23:54:47 IST" duration-ms="272" status="PASS">
          <reporter-output>
          </reporter-output>
        </test-method> <!-- tearDown -->
        <test-method is-config="true" signature="setup()[pri:0, instance:tests.FormTest@5d99c6b5]" started-at="2026-06-14T23:54:47 IST" name="setup" finished-at="2026-06-14T23:54:52 IST" duration-ms="5021" status="PASS">
          <reporter-output>
          </reporter-output>
        </test-method> <!-- setup -->
        <test-method signature="verifyDatePicker1()[pri:2, instance:tests.FormTest@5d99c6b5]" started-at="2026-06-14T23:54:52 IST" name="verifyDatePicker1" finished-at="2026-06-14T23:54:52 IST" duration-ms="167" status="PASS">
          <reporter-output>
          </reporter-output>
        </test-method> <!-- verifyDatePicker1 -->
        <test-method is-config="true" signature="tearDown()[pri:0, instance:tests.FormTest@5d99c6b5]" started-at="2026-06-14T23:54:52 IST" name="tearDown" finished-at="2026-06-14T23:54:52 IST" duration-ms="298" status="PASS">
          <reporter-output>
          </reporter-output>
        </test-method> <!-- tearDown -->
        <test-method is-config="true" signature="setup()[pri:0, instance:tests.FormTest@5d99c6b5]" started-at="2026-06-14T23:54:52 IST" name="setup" finished-at="2026-06-14T23:54:57 IST" duration-ms="4977" status="PASS">
          <reporter-output>
          </reporter-output>
        </test-method> <!-- setup -->
        <test-method signature="verifyDatePicker2()[pri:3, instance:tests.FormTest@5d99c6b5]" started-at="2026-06-14T23:54:57 IST" name="verifyDatePicker2" finished-at="2026-06-14T23:54:57 IST" duration-ms="41" status="PASS">
          <reporter-output>
          </reporter-output>
        </test-method> <!-- verifyDatePicker2 -->
        <test-method is-config="true" signature="tearDown()[pri:0, instance:tests.FormTest@5d99c6b5]" started-at="2026-06-14T23:54:57 IST" name="tearDown" finished-at="2026-06-14T23:54:57 IST" duration-ms="223" status="PASS">
          <reporter-output>
          </reporter-output>
        </test-method> <!-- tearDown -->
        <test-method is-config="true" signature="setup()[pri:0, instance:tests.FormTest@5d99c6b5]" started-at="2026-06-14T23:54:57 IST" name="setup" finished-at="2026-06-14T23:54:59 IST" duration-ms="1640" status="PASS">
          <reporter-output>
          </reporter-output>
        </test-method> <!-- setup -->
        <test-method signature="verifyDateRange()[pri:4, instance:tests.FormTest@5d99c6b5]" started-at="2026-06-14T23:54:59 IST" name="verifyDateRange" finished-at="2026-06-14T23:55:02 IST" duration-ms="3409" status="PASS">
          <reporter-output>
          </reporter-output>
        </test-method> <!-- verifyDateRange -->
        <test-method is-config="true" signature="tearDown()[pri:0, instance:tests.FormTest@5d99c6b5]" started-at="2026-06-14T23:55:02 IST" name="tearDown" finished-at="2026-06-14T23:55:03 IST" duration-ms="248" status="PASS">
          <reporter-output>
          </reporter-output>
        </test-method> <!-- tearDown -->
        <test-method is-config="true" signature="setup()[pri:0, instance:tests.FormTest@5d99c6b5]" started-at="2026-06-14T23:55:03 IST" name="setup" finished-at="2026-06-14T23:55:08 IST" duration-ms="5279" status="PASS">
          <reporter-output>
          </reporter-output>
        </test-method> <!-- setup -->
        <test-method signature="verifyCountrySelection()[pri:5, instance:tests.FormTest@5d99c6b5]" started-at="2026-06-14T23:55:08 IST" name="verifyCountrySelection" finished-at="2026-06-14T23:55:08 IST" duration-ms="388" status="PASS">
          <reporter-output>
          </reporter-output>
        </test-method> <!-- verifyCountrySelection -->
        <test-method is-config="true" signature="tearDown()[pri:0, instance:tests.FormTest@5d99c6b5]" started-at="2026-06-14T23:55:08 IST" name="tearDown" finished-at="2026-06-14T23:55:09 IST" duration-ms="228" status="PASS">
          <reporter-output>
          </reporter-output>
        </test-method> <!-- tearDown -->
        <test-method is-config="true" signature="setup()[pri:0, instance:tests.FormTest@5d99c6b5]" started-at="2026-06-14T23:55:09 IST" name="setup" finished-at="2026-06-14T23:55:10 IST" duration-ms="1595" status="PASS">
          <reporter-output>
          </reporter-output>
        </test-method> <!-- setup -->
        <test-method signature="verifyColorSelection()[pri:6, instance:tests.FormTest@5d99c6b5]" started-at="2026-06-14T23:55:10 IST" name="verifyColorSelection" finished-at="2026-06-14T23:55:14 IST" duration-ms="3721" status="PASS">
          <reporter-output>
          </reporter-output>
        </test-method> <!-- verifyColorSelection -->
        <test-method is-config="true" signature="tearDown()[pri:0, instance:tests.FormTest@5d99c6b5]" started-at="2026-06-14T23:55:14 IST" name="tearDown" finished-at="2026-06-14T23:55:14 IST" duration-ms="250" status="PASS">
          <reporter-output>
          </reporter-output>
        </test-method> <!-- tearDown -->
      </class> <!-- tests.FormTest -->
      <class name="tests.SectionFormTest">
        <test-method is-config="true" signature="setup()[pri:0, instance:tests.SectionFormTest@a82c5f1]" started-at="2026-06-14T23:57:32 IST" name="setup" finished-at="2026-06-14T23:57:37 IST" duration-ms="5034" status="PASS">
          <reporter-output>
          </reporter-output>
        </test-method> <!-- setup -->
        <test-method signature="verifySectionForm(int,java.lang.String)[pri:0, instance:tests.SectionFormTest@a82c5f1]" started-at="2026-06-14T23:57:37 IST" name="verifySectionForm" data-provider="sectionData" finished-at="2026-06-14T23:57:37 IST" duration-ms="191" status="PASS">
          <params>
            <param index="0">
              <value>
                <![CDATA[0]]>
              </value>
            </param>
            <param index="1">
              <value>
                <![CDATA[Rahul]]>
              </value>
            </param>
          </params>
          <reporter-output>
          </reporter-output>
        </test-method> <!-- verifySectionForm -->
        <test-method is-config="true" signature="tearDown()[pri:0, instance:tests.SectionFormTest@a82c5f1]" started-at="2026-06-14T23:57:37 IST" name="tearDown" finished-at="2026-06-14T23:57:38 IST" duration-ms="275" status="PASS">
          <reporter-output>
          </reporter-output>
        </test-method> <!-- tearDown -->
        <test-method is-config="true" signature="setup()[pri:0, instance:tests.SectionFormTest@a82c5f1]" started-at="2026-06-14T23:57:38 IST" name="setup" finished-at="2026-06-14T23:57:39 IST" duration-ms="1703" status="PASS">
          <reporter-output>
          </reporter-output>
        </test-method> <!-- setup -->
        <test-method signature="verifySectionForm(int,java.lang.String)[pri:0, instance:tests.SectionFormTest@a82c5f1]" started-at="2026-06-14T23:57:39 IST" name="verifySectionForm" data-provider="sectionData" finished-at="2026-06-14T23:57:43 IST" duration-ms="3301" status="FAIL">
          <params>
            <param index="0">
              <value>
                <![CDATA[1]]>
              </value>
            </param>
            <param index="1">
              <value>
                <![CDATA[Aman]]>
              </value>
            </param>
          </params>
          <exception class="java.lang.IndexOutOfBoundsException">
            <message>
              <![CDATA[Index 1 out of bounds for length 0]]>
            </message>
            <full-stacktrace>
              <![CDATA[java.lang.IndexOutOfBoundsException: Index 1 out of bounds for length 0
at java.base/jdk.internal.util.Preconditions.outOfBounds(Preconditions.java:100)
at java.base/jdk.internal.util.Preconditions.outOfBoundsCheckIndex(Preconditions.java:106)
at java.base/jdk.internal.util.Preconditions.checkIndex(Preconditions.java:302)
at java.base/java.util.Objects.checkIndex(Objects.java:385)
at java.base/java.util.ArrayList.get(ArrayList.java:427)
at tests.SectionFormTest.verifySectionForm(SectionFormTest.java:32)
at java.base/jdk.internal.reflect.DirectMethodHandleAccessor.invoke(DirectMethodHandleAccessor.java:103)
at java.base/java.lang.reflect.Method.invoke(Method.java:580)
at org.testng.internal.invokers.MethodInvocationHelper.invokeMethod(MethodInvocationHelper.java:141)
at org.testng.internal.invokers.TestInvoker.invokeMethod(TestInvoker.java:687)
at org.testng.internal.invokers.TestInvoker.invokeTestMethod(TestInvoker.java:230)
at org.testng.internal.invokers.MethodRunner.runInSequence(MethodRunner.java:63)
at org.testng.internal.invokers.TestInvoker$MethodInvocationAgent.invoke(TestInvoker.java:995)
at org.testng.internal.invokers.TestInvoker.invokeTestMethods(TestInvoker.java:203)
at org.testng.internal.invokers.TestMethodWorker.invokeTestMethods(TestMethodWorker.java:154)
at org.testng.internal.invokers.TestMethodWorker.run(TestMethodWorker.java:134)
at java.base/java.util.ArrayList.forEach(ArrayList.java:1596)
at org.testng.TestRunner.privateRun(TestRunner.java:741)
at org.testng.TestRunner.run(TestRunner.java:616)
at org.testng.SuiteRunner.runTest(SuiteRunner.java:421)
at org.testng.SuiteRunner.runSequentially(SuiteRunner.java:413)
at org.testng.SuiteRunner.privateRun(SuiteRunner.java:373)
at org.testng.SuiteRunner.run(SuiteRunner.java:312)
at org.testng.SuiteRunnerWorker.runSuite(SuiteRunnerWorker.java:52)
at org.testng.SuiteRunnerWorker.run(SuiteRunnerWorker.java:95)
at org.testng.TestNG.runSuitesSequentially(TestNG.java:1274)
at org.testng.TestNG.runSuitesLocally(TestNG.java:1208)
at org.testng.TestNG.runSuites(TestNG.java:1112)
at org.testng.TestNG.run(TestNG.java:1079)
at org.testng.remote.AbstractRemoteTestNG.run(AbstractRemoteTestNG.java:115)
at org.testng.remote.RemoteTestNG.initAndRun(RemoteTestNG.java:293)
at org.testng.remote.RemoteTestNG.main(RemoteTestNG.java:91)
]]>
            </full-stacktrace>
          </exception> <!-- java.lang.IndexOutOfBoundsException -->
          <reporter-output>
          </reporter-output>
        </test-method> <!-- verifySectionForm -->
        <test-method is-config="true" signature="tearDown()[pri:0, instance:tests.SectionFormTest@a82c5f1]" started-at="2026-06-14T23:57:43 IST" name="tearDown" finished-at="2026-06-14T23:57:43 IST" duration-ms="243" status="PASS">
          <reporter-output>
          </reporter-output>
        </test-method> <!-- tearDown -->
        <test-method is-config="true" signature="setup()[pri:0, instance:tests.SectionFormTest@a82c5f1]" started-at="2026-06-14T23:57:43 IST" name="setup" finished-at="2026-06-14T23:57:48 IST" duration-ms="5240" status="PASS">
          <reporter-output>
          </reporter-output>
        </test-method> <!-- setup -->
        <test-method signature="verifySectionForm(int,java.lang.String)[pri:0, instance:tests.SectionFormTest@a82c5f1]" started-at="2026-06-14T23:57:48 IST" name="verifySectionForm" data-provider="sectionData" finished-at="2026-06-14T23:57:48 IST" duration-ms="200" status="PASS">
          <params>
            <param index="0">
              <value>
                <![CDATA[2]]>
              </value>
            </param>
            <param index="1">
              <value>
                <![CDATA[Karan]]>
              </value>
            </param>
          </params>
          <reporter-output>
          </reporter-output>
        </test-method> <!-- verifySectionForm -->
        <test-method is-config="true" signature="tearDown()[pri:0, instance:tests.SectionFormTest@a82c5f1]" started-at="2026-06-14T23:57:49 IST" name="tearDown" finished-at="2026-06-14T23:57:49 IST" duration-ms="204" status="PASS">
          <reporter-output>
          </reporter-output>
        </test-method> <!-- tearDown -->
      </class> <!-- tests.SectionFormTest -->
    </test> <!-- AutomationTests -->
  </suite> <!-- AutomationSuite -->
</testng-results>
