<?xml version="1.0" encoding="UTF-8"?>
<testng-results ignored="0" total="35" passed="35" failed="0" skipped="0">
  <reporter-output>
  </reporter-output>
  <suite started-at="2026-06-15T01:19:51 IST" name="AutomationSuite" finished-at="2026-06-15T01:24:17 IST" duration-ms="265299">
    <groups>
    </groups>
    <test started-at="2026-06-15T01:19:51 IST" name="AutomationTests" finished-at="2026-06-15T01:24:17 IST" duration-ms="265299">
      <class name="tests.ShadowDOMTest">
        <test-method is-config="true" signature="setup()[pri:0, instance:tests.ShadowDOMTest@651aed93]" started-at="2026-06-15T01:22:44 IST" name="setup" finished-at="2026-06-15T01:22:51 IST" duration-ms="6957" status="PASS">
          <reporter-output>
          </reporter-output>
        </test-method> <!-- setup -->
        <test-method signature="shadowTextBoxTest()[pri:1, instance:tests.ShadowDOMTest@651aed93]" started-at="2026-06-15T01:22:51 IST" name="shadowTextBoxTest" finished-at="2026-06-15T01:22:53 IST" duration-ms="2203" status="PASS">
          <reporter-output>
          </reporter-output>
        </test-method> <!-- shadowTextBoxTest -->
        <test-method is-config="true" signature="tearDown()[pri:0, instance:tests.ShadowDOMTest@651aed93]" started-at="2026-06-15T01:22:53 IST" name="tearDown" finished-at="2026-06-15T01:22:53 IST" duration-ms="215" status="PASS">
          <reporter-output>
          </reporter-output>
        </test-method> <!-- tearDown -->
        <test-method is-config="true" signature="setup()[pri:0, instance:tests.ShadowDOMTest@651aed93]" started-at="2026-06-15T01:22:53 IST" name="setup" finished-at="2026-06-15T01:22:58 IST" duration-ms="4940" status="PASS">
          <reporter-output>
          </reporter-output>
        </test-method> <!-- setup -->
        <test-method signature="shadowCheckboxTest()[pri:2, instance:tests.ShadowDOMTest@651aed93]" started-at="2026-06-15T01:22:58 IST" name="shadowCheckboxTest" finished-at="2026-06-15T01:23:00 IST" duration-ms="2166" status="PASS">
          <reporter-output>
          </reporter-output>
        </test-method> <!-- shadowCheckboxTest -->
        <test-method is-config="true" signature="tearDown()[pri:0, instance:tests.ShadowDOMTest@651aed93]" started-at="2026-06-15T01:23:00 IST" name="tearDown" finished-at="2026-06-15T01:23:00 IST" duration-ms="178" status="PASS">
          <reporter-output>
          </reporter-output>
        </test-method> <!-- tearDown -->
        <test-method is-config="true" signature="setup()[pri:0, instance:tests.ShadowDOMTest@651aed93]" started-at="2026-06-15T01:23:00 IST" name="setup" finished-at="2026-06-15T01:23:05 IST" duration-ms="4665" status="PASS">
          <reporter-output>
          </reporter-output>
        </test-method> <!-- setup -->
        <test-method signature="shadowFileUploadTest()[pri:3, instance:tests.ShadowDOMTest@651aed93]" started-at="2026-06-15T01:23:05 IST" name="shadowFileUploadTest" finished-at="2026-06-15T01:23:07 IST" duration-ms="2131" status="PASS">
          <reporter-output>
          </reporter-output>
        </test-method> <!-- shadowFileUploadTest -->
        <test-method is-config="true" signature="tearDown()[pri:0, instance:tests.ShadowDOMTest@651aed93]" started-at="2026-06-15T01:23:07 IST" name="tearDown" finished-at="2026-06-15T01:23:07 IST" duration-ms="189" status="PASS">
          <reporter-output>
          </reporter-output>
        </test-method> <!-- tearDown -->
        <test-method is-config="true" signature="setup()[pri:0, instance:tests.ShadowDOMTest@651aed93]" started-at="2026-06-15T01:23:07 IST" name="setup" finished-at="2026-06-15T01:23:12 IST" duration-ms="4774" status="PASS">
          <reporter-output>
          </reporter-output>
        </test-method> <!-- setup -->
        <test-method signature="clickBlogLinkTest()[pri:4, instance:tests.ShadowDOMTest@651aed93]" started-at="2026-06-15T01:23:12 IST" name="clickBlogLinkTest" finished-at="2026-06-15T01:23:19 IST" duration-ms="6579" status="PASS">
          <reporter-output>
          </reporter-output>
        </test-method> <!-- clickBlogLinkTest -->
        <test-method is-config="true" signature="tearDown()[pri:0, instance:tests.ShadowDOMTest@651aed93]" started-at="2026-06-15T01:23:19 IST" name="tearDown" finished-at="2026-06-15T01:23:19 IST" duration-ms="295" status="PASS">
          <reporter-output>
          </reporter-output>
        </test-method> <!-- tearDown -->
      </class> <!-- tests.ShadowDOMTest -->
      <class name="tests.TableTest">
        <test-method is-config="true" signature="setup()[pri:0, instance:tests.TableTest@4dd6fd0a]" started-at="2026-06-15T01:23:19 IST" name="setup" finished-at="2026-06-15T01:23:24 IST" duration-ms="4735" status="PASS">
          <reporter-output>
          </reporter-output>
        </test-method> <!-- setup -->
        <test-method signature="verifyDynamicTable()[pri:0, instance:tests.TableTest@4dd6fd0a]" started-at="2026-06-15T01:23:24 IST" name="verifyDynamicTable" finished-at="2026-06-15T01:23:24 IST" duration-ms="62" status="PASS">
          <reporter-output>
          </reporter-output>
        </test-method> <!-- verifyDynamicTable -->
        <test-method is-config="true" signature="tearDown()[pri:0, instance:tests.TableTest@4dd6fd0a]" started-at="2026-06-15T01:23:24 IST" name="tearDown" finished-at="2026-06-15T01:23:24 IST" duration-ms="173" status="PASS">
          <reporter-output>
          </reporter-output>
        </test-method> <!-- tearDown -->
        <test-method is-config="true" signature="setup()[pri:0, instance:tests.TableTest@4dd6fd0a]" started-at="2026-06-15T01:23:24 IST" name="setup" finished-at="2026-06-15T01:23:29 IST" duration-ms="4797" status="PASS">
          <reporter-output>
          </reporter-output>
        </test-method> <!-- setup -->
        <test-method signature="verifyPaginationTable()[pri:0, instance:tests.TableTest@4dd6fd0a]" started-at="2026-06-15T01:23:29 IST" name="verifyPaginationTable" finished-at="2026-06-15T01:23:29 IST" duration-ms="347" status="PASS">
          <reporter-output>
          </reporter-output>
        </test-method> <!-- verifyPaginationTable -->
        <test-method is-config="true" signature="tearDown()[pri:0, instance:tests.TableTest@4dd6fd0a]" started-at="2026-06-15T01:23:29 IST" name="tearDown" finished-at="2026-06-15T01:23:29 IST" duration-ms="195" status="PASS">
          <reporter-output>
          </reporter-output>
        </test-method> <!-- tearDown -->
        <test-method is-config="true" signature="setup()[pri:0, instance:tests.TableTest@4dd6fd0a]" started-at="2026-06-15T01:23:29 IST" name="setup" finished-at="2026-06-15T01:23:34 IST" duration-ms="4828" status="PASS">
          <reporter-output>
          </reporter-output>
        </test-method> <!-- setup -->
        <test-method signature="verifyStaticTable()[pri:0, instance:tests.TableTest@4dd6fd0a]" started-at="2026-06-15T01:23:34 IST" name="verifyStaticTable" finished-at="2026-06-15T01:23:34 IST" duration-ms="51" status="PASS">
          <reporter-output>
          </reporter-output>
        </test-method> <!-- verifyStaticTable -->
        <test-method is-config="true" signature="tearDown()[pri:0, instance:tests.TableTest@4dd6fd0a]" started-at="2026-06-15T01:23:34 IST" name="tearDown" finished-at="2026-06-15T01:23:34 IST" duration-ms="189" status="PASS">
          <reporter-output>
          </reporter-output>
        </test-method> <!-- tearDown -->
      </class> <!-- tests.TableTest -->
      <class name="tests.MouseActionsTest">
        <test-method is-config="true" signature="setup()[pri:0, instance:tests.MouseActionsTest@7a3793c7]" started-at="2026-06-15T01:21:45 IST" name="setup" finished-at="2026-06-15T01:21:50 IST" duration-ms="5085" status="PASS">
          <reporter-output>
          </reporter-output>
        </test-method> <!-- setup -->
        <test-method signature="verifyMouseHover()[pri:1, instance:tests.MouseActionsTest@7a3793c7]" started-at="2026-06-15T01:21:50 IST" name="verifyMouseHover" finished-at="2026-06-15T01:21:54 IST" duration-ms="4343" status="PASS">
          <reporter-output>
          </reporter-output>
        </test-method> <!-- verifyMouseHover -->
        <test-method is-config="true" signature="tearDown()[pri:0, instance:tests.MouseActionsTest@7a3793c7]" started-at="2026-06-15T01:21:54 IST" name="tearDown" finished-at="2026-06-15T01:21:54 IST" duration-ms="280" status="PASS">
          <reporter-output>
          </reporter-output>
        </test-method> <!-- tearDown -->
        <test-method is-config="true" signature="setup()[pri:0, instance:tests.MouseActionsTest@7a3793c7]" started-at="2026-06-15T01:21:54 IST" name="setup" finished-at="2026-06-15T01:21:56 IST" duration-ms="1633" status="PASS">
          <reporter-output>
          </reporter-output>
        </test-method> <!-- setup -->
        <test-method signature="verifyDragAndDrop()[pri:2, instance:tests.MouseActionsTest@7a3793c7]" started-at="2026-06-15T01:21:56 IST" name="verifyDragAndDrop" finished-at="2026-06-15T01:22:04 IST" duration-ms="7665" status="PASS">
          <reporter-output>
          </reporter-output>
        </test-method> <!-- verifyDragAndDrop -->
        <test-method is-config="true" signature="tearDown()[pri:0, instance:tests.MouseActionsTest@7a3793c7]" started-at="2026-06-15T01:22:04 IST" name="tearDown" finished-at="2026-06-15T01:22:04 IST" duration-ms="206" status="PASS">
          <reporter-output>
          </reporter-output>
        </test-method> <!-- tearDown -->
        <test-method is-config="true" signature="setup()[pri:0, instance:tests.MouseActionsTest@7a3793c7]" started-at="2026-06-15T01:22:04 IST" name="setup" finished-at="2026-06-15T01:22:09 IST" duration-ms="4679" status="PASS">
          <reporter-output>
          </reporter-output>
        </test-method> <!-- setup -->
        <test-method signature="verifyDoubleClick()[pri:3, instance:tests.MouseActionsTest@7a3793c7]" started-at="2026-06-15T01:22:09 IST" name="verifyDoubleClick" finished-at="2026-06-15T01:22:13 IST" duration-ms="4222" status="PASS">
          <reporter-output>
          </reporter-output>
        </test-method> <!-- verifyDoubleClick -->
        <test-method is-config="true" signature="tearDown()[pri:0, instance:tests.MouseActionsTest@7a3793c7]" started-at="2026-06-15T01:22:13 IST" name="tearDown" finished-at="2026-06-15T01:22:13 IST" duration-ms="252" status="PASS">
          <reporter-output>
          </reporter-output>
        </test-method> <!-- tearDown -->
        <test-method is-config="true" signature="setup()[pri:0, instance:tests.MouseActionsTest@7a3793c7]" started-at="2026-06-15T01:22:13 IST" name="setup" finished-at="2026-06-15T01:22:18 IST" duration-ms="5117" status="PASS">
          <reporter-output>
          </reporter-output>
        </test-method> <!-- setup -->
        <test-method signature="verifySlider()[pri:4, instance:tests.MouseActionsTest@7a3793c7]" started-at="2026-06-15T01:22:18 IST" name="verifySlider" finished-at="2026-06-15T01:22:23 IST" duration-ms="4484" status="PASS">
          <reporter-output>
          </reporter-output>
        </test-method> <!-- verifySlider -->
        <test-method is-config="true" signature="tearDown()[pri:0, instance:tests.MouseActionsTest@7a3793c7]" started-at="2026-06-15T01:22:23 IST" name="tearDown" finished-at="2026-06-15T01:22:23 IST" duration-ms="210" status="PASS">
          <reporter-output>
          </reporter-output>
        </test-method> <!-- tearDown -->
        <test-method is-config="true" signature="setup()[pri:0, instance:tests.MouseActionsTest@7a3793c7]" started-at="2026-06-15T01:22:23 IST" name="setup" finished-at="2026-06-15T01:22:28 IST" duration-ms="4744" status="PASS">
          <reporter-output>
          </reporter-output>
        </test-method> <!-- setup -->
        <test-method signature="verifyScrollingDropdown()[pri:5, instance:tests.MouseActionsTest@7a3793c7]" started-at="2026-06-15T01:22:28 IST" name="verifyScrollingDropdown" finished-at="2026-06-15T01:22:28 IST" duration-ms="139" status="PASS">
          <reporter-output>
          </reporter-output>
        </test-method> <!-- verifyScrollingDropdown -->
        <test-method is-config="true" signature="tearDown()[pri:0, instance:tests.MouseActionsTest@7a3793c7]" started-at="2026-06-15T01:22:28 IST" name="tearDown" finished-at="2026-06-15T01:22:28 IST" duration-ms="207" status="PASS">
          <reporter-output>
          </reporter-output>
        </test-method> <!-- tearDown -->
      </class> <!-- tests.MouseActionsTest -->
      <class name="tests.UploadTest">
        <test-method is-config="true" signature="setup()[pri:0, instance:tests.UploadTest@bb9e6dc]" started-at="2026-06-15T01:23:34 IST" name="setup" finished-at="2026-06-15T01:23:40 IST" duration-ms="5631" status="PASS">
          <reporter-output>
          </reporter-output>
        </test-method> <!-- setup -->
        <test-method signature="verifySingleFileUpload()[pri:1, instance:tests.UploadTest@bb9e6dc]" started-at="2026-06-15T01:23:40 IST" name="verifySingleFileUpload" finished-at="2026-06-15T01:23:40 IST" duration-ms="143" status="PASS">
          <reporter-output>
          </reporter-output>
        </test-method> <!-- verifySingleFileUpload -->
        <test-method is-config="true" signature="tearDown()[pri:0, instance:tests.UploadTest@bb9e6dc]" started-at="2026-06-15T01:23:40 IST" name="tearDown" finished-at="2026-06-15T01:23:40 IST" duration-ms="248" status="PASS">
          <reporter-output>
          </reporter-output>
        </test-method> <!-- tearDown -->
        <test-method is-config="true" signature="setup()[pri:0, instance:tests.UploadTest@bb9e6dc]" started-at="2026-06-15T01:23:40 IST" name="setup" finished-at="2026-06-15T01:23:45 IST" duration-ms="4617" status="PASS">
          <reporter-output>
          </reporter-output>
        </test-method> <!-- setup -->
        <test-method signature="verifyMultipleFileUpload()[pri:2, instance:tests.UploadTest@bb9e6dc]" started-at="2026-06-15T01:23:45 IST" name="verifyMultipleFileUpload" finished-at="2026-06-15T01:23:45 IST" duration-ms="138" status="PASS">
          <reporter-output>
          </reporter-output>
        </test-method> <!-- verifyMultipleFileUpload -->
        <test-method is-config="true" signature="tearDown()[pri:0, instance:tests.UploadTest@bb9e6dc]" started-at="2026-06-15T01:23:45 IST" name="tearDown" finished-at="2026-06-15T01:23:45 IST" duration-ms="219" status="PASS">
          <reporter-output>
          </reporter-output>
        </test-method> <!-- tearDown -->
      </class> <!-- tests.UploadTest -->
      <class name="tests.DynamicButtonTest">
        <test-method is-config="true" signature="setup()[pri:0, instance:tests.DynamicButtonTest@1b266842]" started-at="2026-06-15T01:21:35 IST" name="setup" finished-at="2026-06-15T01:21:40 IST" duration-ms="5045" status="PASS">
          <reporter-output>
          </reporter-output>
        </test-method> <!-- setup -->
        <test-method signature="verifyDynamicButton()[pri:0, instance:tests.DynamicButtonTest@1b266842]" started-at="2026-06-15T01:21:40 IST" name="verifyDynamicButton" finished-at="2026-06-15T01:21:45 IST" duration-ms="4175" status="PASS">
          <reporter-output>
          </reporter-output>
        </test-method> <!-- verifyDynamicButton -->
        <test-method is-config="true" signature="tearDown()[pri:0, instance:tests.DynamicButtonTest@1b266842]" started-at="2026-06-15T01:21:45 IST" name="tearDown" finished-at="2026-06-15T01:21:45 IST" duration-ms="219" status="PASS">
          <reporter-output>
          </reporter-output>
        </test-method> <!-- tearDown -->
      </class> <!-- tests.DynamicButtonTest -->
      <class name="tests.HomePageTest">
        <test-method is-config="true" signature="setup()[pri:0, instance:tests.HomePageTest@15a04efb]" started-at="2026-06-15T01:19:51 IST" name="setup" finished-at="2026-06-15T01:19:58 IST" duration-ms="7000" status="PASS">
          <reporter-output>
          </reporter-output>
        </test-method> <!-- setup -->
        <test-method signature="verifyHomePage()[pri:0, instance:tests.HomePageTest@15a04efb]" started-at="2026-06-15T01:19:58 IST" name="verifyHomePage" finished-at="2026-06-15T01:19:58 IST" duration-ms="26" status="PASS">
          <reporter-output>
          </reporter-output>
        </test-method> <!-- verifyHomePage -->
        <test-method is-config="true" signature="tearDown()[pri:0, instance:tests.HomePageTest@15a04efb]" started-at="2026-06-15T01:19:58 IST" name="tearDown" finished-at="2026-06-15T01:19:59 IST" duration-ms="277" status="PASS">
          <reporter-output>
          </reporter-output>
        </test-method> <!-- tearDown -->
      </class> <!-- tests.HomePageTest -->
      <class name="tests.WindowHandlingTest">
        <test-method is-config="true" signature="setup()[pri:0, instance:tests.WindowHandlingTest@5456afaa]" started-at="2026-06-15T01:23:45 IST" name="setup" finished-at="2026-06-15T01:23:51 IST" duration-ms="5918" status="PASS">
          <reporter-output>
          </reporter-output>
        </test-method> <!-- setup -->
        <test-method signature="verifyWikipediaSearch()[pri:1, instance:tests.WindowHandlingTest@5456afaa]" started-at="2026-06-15T01:23:51 IST" name="verifyWikipediaSearch" finished-at="2026-06-15T01:23:58 IST" duration-ms="6301" status="PASS">
          <reporter-output>
          </reporter-output>
        </test-method> <!-- verifyWikipediaSearch -->
        <test-method is-config="true" signature="tearDown()[pri:0, instance:tests.WindowHandlingTest@5456afaa]" started-at="2026-06-15T01:23:58 IST" name="tearDown" finished-at="2026-06-15T01:23:58 IST" duration-ms="419" status="PASS">
          <reporter-output>
          </reporter-output>
        </test-method> <!-- tearDown -->
        <test-method is-config="true" signature="setup()[pri:0, instance:tests.WindowHandlingTest@5456afaa]" started-at="2026-06-15T01:23:58 IST" name="setup" finished-at="2026-06-15T01:24:05 IST" duration-ms="7001" status="PASS">
          <reporter-output>
          </reporter-output>
        </test-method> <!-- setup -->
        <test-method signature="verifyNewTab()[pri:2, instance:tests.WindowHandlingTest@5456afaa]" started-at="2026-06-15T01:24:05 IST" name="verifyNewTab" finished-at="2026-06-15T01:24:07 IST" duration-ms="2145" status="PASS">
          <reporter-output>
          </reporter-output>
        </test-method> <!-- verifyNewTab -->
        <test-method is-config="true" signature="tearDown()[pri:0, instance:tests.WindowHandlingTest@5456afaa]" started-at="2026-06-15T01:24:07 IST" name="tearDown" finished-at="2026-06-15T01:24:08 IST" duration-ms="372" status="PASS">
          <reporter-output>
          </reporter-output>
        </test-method> <!-- tearDown -->
        <test-method is-config="true" signature="setup()[pri:0, instance:tests.WindowHandlingTest@5456afaa]" started-at="2026-06-15T01:24:08 IST" name="setup" finished-at="2026-06-15T01:24:14 IST" duration-ms="6597" status="PASS">
          <reporter-output>
          </reporter-output>
        </test-method> <!-- setup -->
        <test-method signature="verifyPopupWindow()[pri:3, instance:tests.WindowHandlingTest@5456afaa]" started-at="2026-06-15T01:24:14 IST" name="verifyPopupWindow" finished-at="2026-06-15T01:24:16 IST" duration-ms="2326" status="PASS">
          <reporter-output>
          </reporter-output>
        </test-method> <!-- verifyPopupWindow -->
        <test-method is-config="true" signature="tearDown()[pri:0, instance:tests.WindowHandlingTest@5456afaa]" started-at="2026-06-15T01:24:16 IST" name="tearDown" finished-at="2026-06-15T01:24:17 IST" duration-ms="244" status="PASS">
          <reporter-output>
          </reporter-output>
        </test-method> <!-- tearDown -->
      </class> <!-- tests.WindowHandlingTest -->
      <class name="tests.LinksTest">
        <test-method is-config="true" signature="setup()[pri:0, instance:tests.LinksTest@895e367]" started-at="2026-06-15T01:21:11 IST" name="setup" finished-at="2026-06-15T01:21:16 IST" duration-ms="4751" status="PASS">
          <reporter-output>
          </reporter-output>
        </test-method> <!-- setup -->
        <test-method signature="verifyAppleLink()[pri:2, instance:tests.LinksTest@895e367]" started-at="2026-06-15T01:21:16 IST" name="verifyAppleLink" finished-at="2026-06-15T01:21:18 IST" duration-ms="1879" status="PASS">
          <reporter-output>
          </reporter-output>
        </test-method> <!-- verifyAppleLink -->
        <test-method is-config="true" signature="tearDown()[pri:0, instance:tests.LinksTest@895e367]" started-at="2026-06-15T01:21:18 IST" name="tearDown" finished-at="2026-06-15T01:21:18 IST" duration-ms="289" status="PASS">
          <reporter-output>
          </reporter-output>
        </test-method> <!-- tearDown -->
        <test-method is-config="true" signature="setup()[pri:0, instance:tests.LinksTest@895e367]" started-at="2026-06-15T01:21:18 IST" name="setup" finished-at="2026-06-15T01:21:23 IST" duration-ms="4858" status="PASS">
          <reporter-output>
          </reporter-output>
        </test-method> <!-- setup -->
        <test-method signature="verifyDellLink()[pri:3, instance:tests.LinksTest@895e367]" started-at="2026-06-15T01:21:23 IST" name="verifyDellLink" finished-at="2026-06-15T01:21:26 IST" duration-ms="2780" status="PASS">
          <reporter-output>
          </reporter-output>
        </test-method> <!-- verifyDellLink -->
        <test-method is-config="true" signature="tearDown()[pri:0, instance:tests.LinksTest@895e367]" started-at="2026-06-15T01:21:26 IST" name="tearDown" finished-at="2026-06-15T01:21:28 IST" duration-ms="1914" status="PASS">
          <reporter-output>
          </reporter-output>
        </test-method> <!-- tearDown -->
        <test-method is-config="true" signature="setup()[pri:0, instance:tests.LinksTest@895e367]" started-at="2026-06-15T01:21:28 IST" name="setup" finished-at="2026-06-15T01:21:32 IST" duration-ms="4712" status="PASS">
          <reporter-output>
          </reporter-output>
        </test-method> <!-- setup -->
        <test-method signature="verifyLenovoLink()[pri:4, instance:tests.LinksTest@895e367]" started-at="2026-06-15T01:21:32 IST" name="verifyLenovoLink" finished-at="2026-06-15T01:21:35 IST" duration-ms="2687" status="PASS">
          <reporter-output>
          </reporter-output>
        </test-method> <!-- verifyLenovoLink -->
        <test-method is-config="true" signature="tearDown()[pri:0, instance:tests.LinksTest@895e367]" started-at="2026-06-15T01:21:35 IST" name="tearDown" finished-at="2026-06-15T01:21:35 IST" duration-ms="292" status="PASS">
          <reporter-output>
          </reporter-output>
        </test-method> <!-- tearDown -->
      </class> <!-- tests.LinksTest -->
      <class name="tests.AlertTest">
        <test-method is-config="true" signature="setup()[pri:0, instance:tests.AlertTest@463fd068]" started-at="2026-06-15T01:20:42 IST" name="setup" finished-at="2026-06-15T01:20:46 IST" duration-ms="4751" status="PASS">
          <reporter-output>
          </reporter-output>
        </test-method> <!-- setup -->
        <test-method signature="verifySimpleAlert()[pri:1, instance:tests.AlertTest@463fd068]" started-at="2026-06-15T01:20:46 IST" name="verifySimpleAlert" finished-at="2026-06-15T01:20:51 IST" duration-ms="4133" status="PASS">
          <reporter-output>
          </reporter-output>
        </test-method> <!-- verifySimpleAlert -->
        <test-method is-config="true" signature="tearDown()[pri:0, instance:tests.AlertTest@463fd068]" started-at="2026-06-15T01:20:51 IST" name="tearDown" finished-at="2026-06-15T01:20:51 IST" duration-ms="215" status="PASS">
          <reporter-output>
          </reporter-output>
        </test-method> <!-- tearDown -->
        <test-method is-config="true" signature="setup()[pri:0, instance:tests.AlertTest@463fd068]" started-at="2026-06-15T01:20:51 IST" name="setup" finished-at="2026-06-15T01:20:52 IST" duration-ms="1482" status="PASS">
          <reporter-output>
          </reporter-output>
        </test-method> <!-- setup -->
        <test-method signature="verifyConfirmationAlert()[pri:2, instance:tests.AlertTest@463fd068]" started-at="2026-06-15T01:20:52 IST" name="verifyConfirmationAlert" finished-at="2026-06-15T01:21:00 IST" duration-ms="7231" status="PASS">
          <reporter-output>
          </reporter-output>
        </test-method> <!-- verifyConfirmationAlert -->
        <test-method is-config="true" signature="tearDown()[pri:0, instance:tests.AlertTest@463fd068]" started-at="2026-06-15T01:21:00 IST" name="tearDown" finished-at="2026-06-15T01:21:00 IST" duration-ms="228" status="PASS">
          <reporter-output>
          </reporter-output>
        </test-method> <!-- tearDown -->
        <test-method is-config="true" signature="setup()[pri:0, instance:tests.AlertTest@463fd068]" started-at="2026-06-15T01:21:00 IST" name="setup" finished-at="2026-06-15T01:21:05 IST" duration-ms="4925" status="PASS">
          <reporter-output>
          </reporter-output>
        </test-method> <!-- setup -->
        <test-method signature="verifyPromptAlert()[pri:3, instance:tests.AlertTest@463fd068]" started-at="2026-06-15T01:21:05 IST" name="verifyPromptAlert" finished-at="2026-06-15T01:21:11 IST" duration-ms="6197" status="PASS">
          <reporter-output>
          </reporter-output>
        </test-method> <!-- verifyPromptAlert -->
        <test-method is-config="true" signature="tearDown()[pri:0, instance:tests.AlertTest@463fd068]" started-at="2026-06-15T01:21:11 IST" name="tearDown" finished-at="2026-06-15T01:21:11 IST" duration-ms="283" status="PASS">
          <reporter-output>
          </reporter-output>
        </test-method> <!-- tearDown -->
      </class> <!-- tests.AlertTest -->
      <class name="tests.FormTest">
        <test-method is-config="true" signature="setup()[pri:0, instance:tests.FormTest@5f77d0f9]" started-at="2026-06-15T01:19:59 IST" name="setup" finished-at="2026-06-15T01:20:05 IST" duration-ms="5101" status="PASS">
          <reporter-output>
          </reporter-output>
        </test-method> <!-- setup -->
        <test-method signature="verifyForm(java.lang.String,java.lang.String,java.lang.String,java.lang.String)[pri:1, instance:tests.FormTest@5f77d0f9]" started-at="2026-06-15T01:20:05 IST" name="verifyForm" data-provider="formData" finished-at="2026-06-15T01:20:05 IST" duration-ms="568" status="PASS">
          <params>
            <param index="0">
              <value>
                <![CDATA[Rahul]]>
              </value>
            </param>
            <param index="1">
              <value>
                <![CDATA[rahul@test.com]]>
              </value>
            </param>
            <param index="2">
              <value>
                <![CDATA[9.999999999E9]]>
              </value>
            </param>
            <param index="3">
              <value>
                <![CDATA[Delhi]]>
              </value>
            </param>
          </params>
          <reporter-output>
          </reporter-output>
        </test-method> <!-- verifyForm -->
        <test-method is-config="true" signature="tearDown()[pri:0, instance:tests.FormTest@5f77d0f9]" started-at="2026-06-15T01:20:05 IST" name="tearDown" finished-at="2026-06-15T01:20:05 IST" duration-ms="324" status="PASS">
          <reporter-output>
          </reporter-output>
        </test-method> <!-- tearDown -->
        <test-method is-config="true" signature="setup()[pri:0, instance:tests.FormTest@5f77d0f9]" started-at="2026-06-15T01:20:05 IST" name="setup" finished-at="2026-06-15T01:20:07 IST" duration-ms="1668" status="PASS">
          <reporter-output>
          </reporter-output>
        </test-method> <!-- setup -->
        <test-method signature="verifyForm(java.lang.String,java.lang.String,java.lang.String,java.lang.String)[pri:1, instance:tests.FormTest@5f77d0f9]" started-at="2026-06-15T01:20:07 IST" name="verifyForm" data-provider="formData" finished-at="2026-06-15T01:20:11 IST" duration-ms="3742" status="PASS">
          <params>
            <param index="0">
              <value>
                <![CDATA[Aman]]>
              </value>
            </param>
            <param index="1">
              <value>
                <![CDATA[aman@test.com]]>
              </value>
            </param>
            <param index="2">
              <value>
                <![CDATA[8.888888888E9]]>
              </value>
            </param>
            <param index="3">
              <value>
                <![CDATA[Mumbai]]>
              </value>
            </param>
          </params>
          <reporter-output>
          </reporter-output>
        </test-method> <!-- verifyForm -->
        <test-method is-config="true" signature="tearDown()[pri:0, instance:tests.FormTest@5f77d0f9]" started-at="2026-06-15T01:20:11 IST" name="tearDown" finished-at="2026-06-15T01:20:11 IST" duration-ms="252" status="PASS">
          <reporter-output>
          </reporter-output>
        </test-method> <!-- tearDown -->
        <test-method is-config="true" signature="setup()[pri:0, instance:tests.FormTest@5f77d0f9]" started-at="2026-06-15T01:20:11 IST" name="setup" finished-at="2026-06-15T01:20:13 IST" duration-ms="1468" status="PASS">
          <reporter-output>
          </reporter-output>
        </test-method> <!-- setup -->
        <test-method signature="verifyDatePicker1()[pri:2, instance:tests.FormTest@5f77d0f9]" started-at="2026-06-15T01:20:13 IST" name="verifyDatePicker1" finished-at="2026-06-15T01:20:16 IST" duration-ms="3313" status="PASS">
          <reporter-output>
          </reporter-output>
        </test-method> <!-- verifyDatePicker1 -->
        <test-method is-config="true" signature="tearDown()[pri:0, instance:tests.FormTest@5f77d0f9]" started-at="2026-06-15T01:20:16 IST" name="tearDown" finished-at="2026-06-15T01:20:16 IST" duration-ms="220" status="PASS">
          <reporter-output>
          </reporter-output>
        </test-method> <!-- tearDown -->
        <test-method is-config="true" signature="setup()[pri:0, instance:tests.FormTest@5f77d0f9]" started-at="2026-06-15T01:20:16 IST" name="setup" finished-at="2026-06-15T01:20:18 IST" duration-ms="1783" status="PASS">
          <reporter-output>
          </reporter-output>
        </test-method> <!-- setup -->
        <test-method signature="verifyDatePicker2()[pri:3, instance:tests.FormTest@5f77d0f9]" started-at="2026-06-15T01:20:18 IST" name="verifyDatePicker2" finished-at="2026-06-15T01:20:21 IST" duration-ms="3110" status="PASS">
          <reporter-output>
          </reporter-output>
        </test-method> <!-- verifyDatePicker2 -->
        <test-method is-config="true" signature="tearDown()[pri:0, instance:tests.FormTest@5f77d0f9]" started-at="2026-06-15T01:20:21 IST" name="tearDown" finished-at="2026-06-15T01:20:21 IST" duration-ms="181" status="PASS">
          <reporter-output>
          </reporter-output>
        </test-method> <!-- tearDown -->
        <test-method is-config="true" signature="setup()[pri:0, instance:tests.FormTest@5f77d0f9]" started-at="2026-06-15T01:20:21 IST" name="setup" finished-at="2026-06-15T01:20:30 IST" duration-ms="9061" status="PASS">
          <reporter-output>
          </reporter-output>
        </test-method> <!-- setup -->
        <test-method signature="verifyDateRange()[pri:4, instance:tests.FormTest@5f77d0f9]" started-at="2026-06-15T01:20:30 IST" name="verifyDateRange" finished-at="2026-06-15T01:20:30 IST" duration-ms="175" status="PASS">
          <reporter-output>
          </reporter-output>
        </test-method> <!-- verifyDateRange -->
        <test-method is-config="true" signature="tearDown()[pri:0, instance:tests.FormTest@5f77d0f9]" started-at="2026-06-15T01:20:30 IST" name="tearDown" finished-at="2026-06-15T01:20:31 IST" duration-ms="221" status="PASS">
          <reporter-output>
          </reporter-output>
        </test-method> <!-- tearDown -->
        <test-method is-config="true" signature="setup()[pri:0, instance:tests.FormTest@5f77d0f9]" started-at="2026-06-15T01:20:31 IST" name="setup" finished-at="2026-06-15T01:20:36 IST" duration-ms="5083" status="PASS">
          <reporter-output>
          </reporter-output>
        </test-method> <!-- setup -->
        <test-method signature="verifyCountrySelection()[pri:5, instance:tests.FormTest@5f77d0f9]" started-at="2026-06-15T01:20:36 IST" name="verifyCountrySelection" finished-at="2026-06-15T01:20:36 IST" duration-ms="436" status="PASS">
          <reporter-output>
          </reporter-output>
        </test-method> <!-- verifyCountrySelection -->
        <test-method is-config="true" signature="tearDown()[pri:0, instance:tests.FormTest@5f77d0f9]" started-at="2026-06-15T01:20:36 IST" name="tearDown" finished-at="2026-06-15T01:20:36 IST" duration-ms="185" status="PASS">
          <reporter-output>
          </reporter-output>
        </test-method> <!-- tearDown -->
        <test-method is-config="true" signature="setup()[pri:0, instance:tests.FormTest@5f77d0f9]" started-at="2026-06-15T01:20:36 IST" name="setup" finished-at="2026-06-15T01:20:41 IST" duration-ms="4678" status="PASS">
          <reporter-output>
          </reporter-output>
        </test-method> <!-- setup -->
        <test-method signature="verifyColorSelection()[pri:6, instance:tests.FormTest@5f77d0f9]" started-at="2026-06-15T01:20:41 IST" name="verifyColorSelection" finished-at="2026-06-15T01:20:41 IST" duration-ms="461" status="PASS">
          <reporter-output>
          </reporter-output>
        </test-method> <!-- verifyColorSelection -->
        <test-method is-config="true" signature="tearDown()[pri:0, instance:tests.FormTest@5f77d0f9]" started-at="2026-06-15T01:20:41 IST" name="tearDown" finished-at="2026-06-15T01:20:42 IST" duration-ms="204" status="PASS">
          <reporter-output>
          </reporter-output>
        </test-method> <!-- tearDown -->
      </class> <!-- tests.FormTest -->
      <class name="tests.SectionFormTest">
        <test-method is-config="true" signature="setup()[pri:0, instance:tests.SectionFormTest@42b3b079]" started-at="2026-06-15T01:22:28 IST" name="setup" finished-at="2026-06-15T01:22:30 IST" duration-ms="1827" status="PASS">
          <reporter-output>
          </reporter-output>
        </test-method> <!-- setup -->
        <test-method signature="verifySectionForm(int,java.lang.String)[pri:0, instance:tests.SectionFormTest@42b3b079]" started-at="2026-06-15T01:22:30 IST" name="verifySectionForm" data-provider="sectionData" finished-at="2026-06-15T01:22:33 IST" duration-ms="3396" status="PASS">
          <params>
            <param index="0">
              <value>
                <![CDATA[0]]>
              </value>
            </param>
            <param index="1">
              <value>
                <![CDATA[Rahul]]>
              </value>
            </param>
          </params>
          <reporter-output>
          </reporter-output>
        </test-method> <!-- verifySectionForm -->
        <test-method is-config="true" signature="tearDown()[pri:0, instance:tests.SectionFormTest@42b3b079]" started-at="2026-06-15T01:22:33 IST" name="tearDown" finished-at="2026-06-15T01:22:33 IST" duration-ms="212" status="PASS">
          <reporter-output>
          </reporter-output>
        </test-method> <!-- tearDown -->
        <test-method is-config="true" signature="setup()[pri:0, instance:tests.SectionFormTest@42b3b079]" started-at="2026-06-15T01:22:33 IST" name="setup" finished-at="2026-06-15T01:22:38 IST" duration-ms="4622" status="PASS">
          <reporter-output>
          </reporter-output>
        </test-method> <!-- setup -->
        <test-method signature="verifySectionForm(int,java.lang.String)[pri:0, instance:tests.SectionFormTest@42b3b079]" started-at="2026-06-15T01:22:38 IST" name="verifySectionForm" data-provider="sectionData" finished-at="2026-06-15T01:22:38 IST" duration-ms="203" status="PASS">
          <params>
            <param index="0">
              <value>
                <![CDATA[1]]>
              </value>
            </param>
            <param index="1">
              <value>
                <![CDATA[Aman]]>
              </value>
            </param>
          </params>
          <reporter-output>
          </reporter-output>
        </test-method> <!-- verifySectionForm -->
        <test-method is-config="true" signature="tearDown()[pri:0, instance:tests.SectionFormTest@42b3b079]" started-at="2026-06-15T01:22:38 IST" name="tearDown" finished-at="2026-06-15T01:22:39 IST" duration-ms="218" status="PASS">
          <reporter-output>
          </reporter-output>
        </test-method> <!-- tearDown -->
        <test-method is-config="true" signature="setup()[pri:0, instance:tests.SectionFormTest@42b3b079]" started-at="2026-06-15T01:22:39 IST" name="setup" finished-at="2026-06-15T01:22:43 IST" duration-ms="4717" status="PASS">
          <reporter-output>
          </reporter-output>
        </test-method> <!-- setup -->
        <test-method signature="verifySectionForm(int,java.lang.String)[pri:0, instance:tests.SectionFormTest@42b3b079]" started-at="2026-06-15T01:22:43 IST" name="verifySectionForm" data-provider="sectionData" finished-at="2026-06-15T01:22:43 IST" duration-ms="225" status="PASS">
          <params>
            <param index="0">
              <value>
                <![CDATA[2]]>
              </value>
            </param>
            <param index="1">
              <value>
                <![CDATA[Karan]]>
              </value>
            </param>
          </params>
          <reporter-output>
          </reporter-output>
        </test-method> <!-- verifySectionForm -->
        <test-method is-config="true" signature="tearDown()[pri:0, instance:tests.SectionFormTest@42b3b079]" started-at="2026-06-15T01:22:43 IST" name="tearDown" finished-at="2026-06-15T01:22:44 IST" duration-ms="186" status="PASS">
          <reporter-output>
          </reporter-output>
        </test-method> <!-- tearDown -->
      </class> <!-- tests.SectionFormTest -->
    </test> <!-- AutomationTests -->
  </suite> <!-- AutomationSuite -->
</testng-results>
